#
# A fatal error has been detected by the Java Runtime Environment:
#
#  SIGSEGV (0xb) at pc=0x00007f912e256a51, pid=22793, tid=22808
#
# JRE version: OpenJDK Runtime Environment (11.0.8+10) (build 11.0.8+10-post-Ubuntu-0ubuntu118.04.1)
# Java VM: OpenJDK 64-Bit Server VM (11.0.8+10-post-Ubuntu-0ubuntu118.04.1, mixed mode, sharing, tiered, compressed oops, g1 gc, linux-amd64)
# Problematic frame:
# V  [libjvm.so+0x9c6a51]
#
# No core dump will be written. Core dumps have been disabled. To enable core dumping, try "ulimit -c unlimited" before starting Java again
#
# If you would like to submit a bug report, please visit:
#   https://bugs.launchpad.net/ubuntu/+source/openjdk-lts
#

---------------  S U M M A R Y ------------

Command Line: -agentlib:jdwp=transport=dt_socket,suspend=y,address=localhost:44471 -javaagent:/home/julcue/.eclipse/360744286_linux_gtk_x86_64/configuration/org.eclipse.osgi/222/0/.cp/lib/javaagent-shaded.jar -Dfile.encoding=UTF-8 ejerciciosUD3.Notas

Host: Intel(R) Pentium(R) CPU G4400 @ 3.30GHz, 2 cores, 7G, KDE neon User Edition 5.19
Time: Fri Oct 23 13:16:09 2020 CEST elapsed time: 45 seconds (0d 0h 0m 45s)

---------------  T H R E A D  ---------------

Current thread (0x00007f912816b000):  VMThread "VM Thread" [stack: 0x00007f9104bea000,0x00007f9104cea000] [id=22808] _threads_hazard_ptr=0x00007f9128265470

Stack: [0x00007f9104bea000,0x00007f9104cea000],  sp=0x00007f9104ce75f0,  free space=1013k
Native frames: (J=compiled Java code, A=aot compiled Java code, j=interpreted, Vv=VM code, C=native code)
V  [libjvm.so+0x9c6a51]
V  [libjvm.so+0x9c6ef5]
V  [libjvm.so+0xdfb1e8]
V  [libjvm.so+0xe01396]
V  [libjvm.so+0xe018a0]
V  [libjvm.so+0xe01d23]
V  [libjvm.so+0xd860bf]
V  [libjvm.so+0xbd632e]


siginfo: si_signo: 11 (SIGSEGV), si_code: 128 (SI_KERNEL), si_addr: 0x0000000000000000

Register to memory mapping:

RAX=0x0000ca9105139ff8 is an unknown value
RBX=0x0 is NULL
RCX=0x00007f912816b000 points into unknown readable memory: 60 84 c2 2e 91 7f 00 00
RDX=0x0000000000000001 is an unknown value
RSP=0x00007f9104ce75f0 points into unknown readable memory: 10 76 ce 04 91 7f 00 00
RBP=0x00007f9104ce8900 points into unknown readable memory: 60 89 ce 04 91 7f 00 00
RSI=0x00007f912816b000 points into unknown readable memory: 60 84 c2 2e 91 7f 00 00
RDI=0x00007f9104ce75b0 points into unknown readable memory: a0 a9 af 2f 91 7f 00 00
R8 ={method} {0x00007f910513a040} 
[error occurred during error reporting (printing register info), id 0xb, SIGSEGV (0xb) at pc=0x00007f912e3da080]

Registers:
RAX=0x0000ca9105139ff8, RBX=0x0000000000000000, RCX=0x00007f912816b000, RDX=0x0000000000000001
RSP=0x00007f9104ce75f0, RBP=0x00007f9104ce8900, RSI=0x00007f912816b000, RDI=0x00007f9104ce75b0
R8 =0x00007f910513a040, R9 =0x00007f90e403bad8, R10=0x0000000000001210, R11=0x00007f9104ce88a0
R12=0x00007f90d000d0f0, R13=0x00007f9104ce7650, R14=0x00007f912816b860, R15=0x00007f90e403a8a0
RIP=0x00007f912e256a51, EFLAGS=0x0000000000010202, CSGSFS=0x002b000000000033, ERR=0x0000000000000000
  TRAPNO=0x000000000000000d

Top of Stack: (sp=0x00007f9104ce75f0)
0x00007f9104ce75f0:   00007f9104ce7610 00007f912e61c0b6
0x00007f9104ce7600:   00007f9104ce7660 00007f912816b860
0x00007f9104ce7610:   00000000000003d8 00007f9128150668
0x00007f9104ce7620:   00007f9128150290 00007f9104ce7660 

Instructions: (pc=0x00007f912e256a51)
0x00007f912e256951:   ff ff 4c 89 8d 38 ed ff ff 48 85 c0 0f 84 9d 02
0x00007f912e256961:   00 00 4c 8d bd a0 ed ff ff ba 01 00 00 00 49 89
0x00007f912e256971:   f5 4d 89 c4 4c 89 ff e8 53 cb d4 ff 66 48 8d 3d
0x00007f912e256981:   3b 36 9d 00 66 66 48 e8 f3 60 8a ff 4c 89 fe 4c
0x00007f912e256991:   89 ef 48 8b 08 4c 8b b1 70 02 00 00 48 89 8d 48
0x00007f912e2569a1:   ed ff ff 49 8b 46 10 48 89 85 30 ed ff ff 49 8b
0x00007f912e2569b1:   46 18 48 89 85 20 ed ff ff 49 8b 46 20 48 89 85
0x00007f912e2569c1:   18 ed ff ff 49 8b 46 28 48 89 85 10 ed ff ff e8
0x00007f912e2569d1:   cb c4 3b 00 48 8b 8d 48 ed ff ff 48 8d bd 60 ed
0x00007f912e2569e1:   ff ff 49 89 c7 48 89 bd 28 ed ff ff 48 89 ce e8
0x00007f912e2569f1:   fb 13 e1 ff 83 fb 00 0f 85 7a 01 00 00 4d 85 ff
0x00007f912e256a01:   0f 94 c0 8b 95 44 ed ff ff 85 d2 0f 8e de 03 00
0x00007f912e256a11:   00 84 c0 0f 85 d6 03 00 00 4c 8d ad 50 ed ff ff
0x00007f912e256a21:   31 db 4c 89 b5 08 ed ff ff 66 0f 1f 44 00 00 49
0x00007f912e256a31:   8b 07 4c 89 ff ff 50 38 49 89 c0 48 8b 40 08 4d
0x00007f912e256a41:   85 c0 4c 89 85 50 ed ff ff 4c 89 85 48 ed ff ff
0x00007f912e256a51:   48 8b 40 08 48 c7 85 58 ed ff ff 00 00 00 00 4c
0x00007f912e256a61:   8b 70 18 74 41 66 48 8d 3d 52 35 9d 00 66 66 48
0x00007f912e256a71:   e8 0a 60 8a ff 4c 8b 85 48 ed ff ff 48 8b 00 48
0x00007f912e256a81:   8b 90 80 02 00 00 48 89 85 58 ed ff ff 48 63 0a
0x00007f912e256a91:   3b 4a 04 0f 84 7e 01 00 00 48 8b 42 18 8d 71 01
0x00007f912e256aa1:   89 32 4c 89 04 c8 4c 89 ee 4c 89 f7 e8 5e e5 e5
0x00007f912e256ab1:   ff 4c 89 ef 49 89 c6 e8 83 0d e1 ff 4d 89 34 24
0x00007f912e256ac1:   49 8b 07 4c 89 ff ff 50 38 f6 40 21 01 0f 84 ec
0x00007f912e256ad1:   00 00 00 49 c7 44 24 08 ff ff ff ff 4c 89 ff 83
0x00007f912e256ae1:   c3 01 e8 08 a0 41 00 49 83 c4 10 39 9d 44 ed ff
0x00007f912e256af1:   ff 49 89 c7 7e 09 48 85 c0 0f 85 30 ff ff ff 4c
0x00007f912e256b01:   8b b5 08 ed ff ff 48 8b bd 28 ed ff ff e8 2d 13
0x00007f912e256b11:   e1 ff 4c 8b bd 30 ed ff ff 49 83 3f 00 74 17 48
0x00007f912e256b21:   8b b5 10 ed ff ff 4c 89 f7 e8 91 bf a0 ff 4c 89
0x00007f912e256b31:   ff e8 39 b0 a0 ff 48 8b 85 30 ed ff ff 49 89 46
0x00007f912e256b41:   10 48 8b 85 20 ed ff ff 49 89 46 18 48 8b 85 18 


Stack slot to memory mapping:
stack at sp + 0 slots: 0x00007f9104ce7610 points into unknown readable memory: d8 03 00 00 00 00 00 00
stack at sp + 1 slots: 0x00007f912e61c0b6: <offset 0x0000000000d8c0b6> in /usr/lib/jvm/java-11-openjdk-amd64/lib/server/libjvm.so at 0x00007f912d890000
stack at sp + 2 slots: 0x00007f9104ce7660 points into unknown readable memory: 00 b0 16 28 91 7f 00 00
stack at sp + 3 slots: 0x00007f912816b860 points into unknown readable memory: 02 00 00 00 00 00 00 00
stack at sp + 4 slots: 0x00000000000003d8 is an unknown value
stack at sp + 5 slots: 0x00007f9128150668 points into unknown readable memory: 05 01 00 00 00 00 00 00
stack at sp + 6 slots: 0x00007f9128150290 points into unknown readable memory: 48 cb c1 2e 91 7f 00 00
stack at sp + 7 slots: 0x00007f9104ce7660 points into unknown readable memory: 00 b0 16 28 91 7f 00 00

VM_Operation (0x00007f90df9e4960): GetStackTrace, mode: safepoint, requested by thread 0x00007f91281d3800


---------------  P R O C E S S  ---------------

Threads class SMR info:
_java_thread_list=0x00007f9128265470, length=12, elements={
0x00007f9128016800, 0x00007f912816e000, 0x00007f9128170000, 0x00007f9128175800,
0x00007f9128177800, 0x00007f912817a000, 0x00007f912817c000, 0x00007f9128189800,
0x00007f91281d3800, 0x00007f91281d6800, 0x00007f90d0001800, 0x00007f9128264000
}

Java Threads: ( => current thread )
  0x00007f9128016800 JavaThread "main" [_thread_blocked, id=22795, stack(0x00007f912f9fb000,0x00007f912fafc000)]
  0x00007f912816e000 JavaThread "Reference Handler" daemon [_thread_blocked, id=22809, stack(0x00007f9104ae7000,0x00007f9104be8000)]
  0x00007f9128170000 JavaThread "Finalizer" daemon [_thread_blocked, id=22810, stack(0x00007f91049e6000,0x00007f9104ae7000)]
  0x00007f9128175800 JavaThread "Signal Dispatcher" daemon [_thread_blocked, id=22811, stack(0x00007f910425b000,0x00007f910435c000)]
  0x00007f9128177800 JavaThread "C2 CompilerThread0" daemon [_thread_blocked, id=22812, stack(0x00007f910415a000,0x00007f910425b000)]
  0x00007f912817a000 JavaThread "C1 CompilerThread0" daemon [_thread_blocked, id=22813, stack(0x00007f9104059000,0x00007f910415a000)]
  0x00007f912817c000 JavaThread "Sweeper thread" daemon [_thread_blocked, id=22814, stack(0x00007f90dfeff000,0x00007f90e0000000)]
  0x00007f9128189800 JavaThread "Common-Cleaner" daemon [_thread_blocked, id=22817, stack(0x00007f90dfdfe000,0x00007f90dfeff000)]
  0x00007f91281d3800 JavaThread "JDWP Transport Listener: dt_socket" daemon [_thread_blocked, id=22827, stack(0x00007f90df8e5000,0x00007f90df9e6000)] _threads_hazard_ptr=0x00007f9128265470
  0x00007f91281d6800 JavaThread "JDWP Event Helper Thread" daemon [_thread_blocked, id=22829, stack(0x00007f90df7e4000,0x00007f90df8e5000)]
  0x00007f90d0001800 JavaThread "JDWP Command Reader" daemon [_thread_in_native, id=22830, stack(0x00007f90df6e3000,0x00007f90df7e4000)]
  0x00007f9128264000 JavaThread "Service Thread" daemon [_thread_blocked, id=22838, stack(0x00007f90df1ba000,0x00007f90df2bb000)]

Other Threads:
=>0x00007f912816b000 VMThread "VM Thread" [stack: 0x00007f9104bea000,0x00007f9104cea000] [id=22808]
  0x00007f9128266800 WatcherThread [stack: 0x00007f90df0ba000,0x00007f90df1ba000] [id=22839]
  0x00007f912802e800 GCTaskThread "GC Thread#0" [stack: 0x00007f911062c000,0x00007f911072c000] [id=22800]
  0x00007f912805f800 ConcurrentGCThread "G1 Main Marker" [stack: 0x00007f91079f4000,0x00007f9107af4000] [id=22801]
  0x00007f9128061800 ConcurrentGCThread "G1 Conc#0" [stack: 0x00007f91078f2000,0x00007f91079f2000] [id=22803]
  0x00007f91280d1800 ConcurrentGCThread "G1 Refine#0" [stack: 0x00007f91055ee000,0x00007f91056ee000] [id=22805]
  0x00007f91280d3000 ConcurrentGCThread "G1 Young RemSet Sampling" [stack: 0x00007f91054ec000,0x00007f91055ec000] [id=22806]

Threads with active compile tasks:

VM state:at safepoint (normal execution)

VM Mutex/Monitor currently owned by a thread:  ([mutex/lock_event])
[0x00007f91280148a0] Threads_lock - owner thread: 0x00007f912816b000

Heap address: 0x0000000085400000, size: 1964 MB, Compressed Oops mode: 32-bit
Narrow klass base: 0x0000000800000000, Narrow klass shift: 3
Compressed class space size: 1073741824 Address: 0x0000000840000000

Heap:
 garbage-first heap   total 129024K, used 3780K [0x0000000085400000, 0x0000000100000000)
  region size 1024K, 4 young (4096K), 0 survivors (0K)
 Metaspace       used 2674K, capacity 4843K, committed 5120K, reserved 1056768K
  class space    used 247K, capacity 442K, committed 512K, reserved 1048576K
Heap Regions: E=young(eden), S=young(survivor), O=old, HS=humongous(starts), HC=humongous(continues), CS=collection set, F=free, A=archive, TAMS=top-at-mark-start (previous, next)
|   0|0x0000000085400000, 0x0000000085400000, 0x0000000085500000|  0%| F|  |TAMS 0x0000000085400000, 0x0000000085400000| Untracked 
|   1|0x0000000085500000, 0x0000000085500000, 0x0000000085600000|  0%| F|  |TAMS 0x0000000085500000, 0x0000000085500000| Untracked 
|   2|0x0000000085600000, 0x0000000085600000, 0x0000000085700000|  0%| F|  |TAMS 0x0000000085600000, 0x0000000085600000| Untracked 
|   3|0x0000000085700000, 0x0000000085700000, 0x0000000085800000|  0%| F|  |TAMS 0x0000000085700000, 0x0000000085700000| Untracked 
|   4|0x0000000085800000, 0x0000000085800000, 0x0000000085900000|  0%| F|  |TAMS 0x0000000085800000, 0x0000000085800000| Untracked 
|   5|0x0000000085900000, 0x0000000085900000, 0x0000000085a00000|  0%| F|  |TAMS 0x0000000085900000, 0x0000000085900000| Untracked 
|   6|0x0000000085a00000, 0x0000000085a00000, 0x0000000085b00000|  0%| F|  |TAMS 0x0000000085a00000, 0x0000000085a00000| Untracked 
|   7|0x0000000085b00000, 0x0000000085b00000, 0x0000000085c00000|  0%| F|  |TAMS 0x0000000085b00000, 0x0000000085b00000| Untracked 
|   8|0x0000000085c00000, 0x0000000085c00000, 0x0000000085d00000|  0%| F|  |TAMS 0x0000000085c00000, 0x0000000085c00000| Untracked 
|   9|0x0000000085d00000, 0x0000000085d00000, 0x0000000085e00000|  0%| F|  |TAMS 0x0000000085d00000, 0x0000000085d00000| Untracked 
|  10|0x0000000085e00000, 0x0000000085e00000, 0x0000000085f00000|  0%| F|  |TAMS 0x0000000085e00000, 0x0000000085e00000| Untracked 
|  11|0x0000000085f00000, 0x0000000085f00000, 0x0000000086000000|  0%| F|  |TAMS 0x0000000085f00000, 0x0000000085f00000| Untracked 
|  12|0x0000000086000000, 0x0000000086000000, 0x0000000086100000|  0%| F|  |TAMS 0x0000000086000000, 0x0000000086000000| Untracked 
|  13|0x0000000086100000, 0x0000000086100000, 0x0000000086200000|  0%| F|  |TAMS 0x0000000086100000, 0x0000000086100000| Untracked 
|  14|0x0000000086200000, 0x0000000086200000, 0x0000000086300000|  0%| F|  |TAMS 0x0000000086200000, 0x0000000086200000| Untracked 
|  15|0x0000000086300000, 0x0000000086300000, 0x0000000086400000|  0%| F|  |TAMS 0x0000000086300000, 0x0000000086300000| Untracked 
|  16|0x0000000086400000, 0x0000000086400000, 0x0000000086500000|  0%| F|  |TAMS 0x0000000086400000, 0x0000000086400000| Untracked 
|  17|0x0000000086500000, 0x0000000086500000, 0x0000000086600000|  0%| F|  |TAMS 0x0000000086500000, 0x0000000086500000| Untracked 
|  18|0x0000000086600000, 0x0000000086600000, 0x0000000086700000|  0%| F|  |TAMS 0x0000000086600000, 0x0000000086600000| Untracked 
|  19|0x0000000086700000, 0x0000000086700000, 0x0000000086800000|  0%| F|  |TAMS 0x0000000086700000, 0x0000000086700000| Untracked 
|  20|0x0000000086800000, 0x0000000086800000, 0x0000000086900000|  0%| F|  |TAMS 0x0000000086800000, 0x0000000086800000| Untracked 
|  21|0x0000000086900000, 0x0000000086900000, 0x0000000086a00000|  0%| F|  |TAMS 0x0000000086900000, 0x0000000086900000| Untracked 
|  22|0x0000000086a00000, 0x0000000086a00000, 0x0000000086b00000|  0%| F|  |TAMS 0x0000000086a00000, 0x0000000086a00000| Untracked 
|  23|0x0000000086b00000, 0x0000000086b00000, 0x0000000086c00000|  0%| F|  |TAMS 0x0000000086b00000, 0x0000000086b00000| Untracked 
|  24|0x0000000086c00000, 0x0000000086c00000, 0x0000000086d00000|  0%| F|  |TAMS 0x0000000086c00000, 0x0000000086c00000| Untracked 
|  25|0x0000000086d00000, 0x0000000086d00000, 0x0000000086e00000|  0%| F|  |TAMS 0x0000000086d00000, 0x0000000086d00000| Untracked 
|  26|0x0000000086e00000, 0x0000000086e00000, 0x0000000086f00000|  0%| F|  |TAMS 0x0000000086e00000, 0x0000000086e00000| Untracked 
|  27|0x0000000086f00000, 0x0000000086f00000, 0x0000000087000000|  0%| F|  |TAMS 0x0000000086f00000, 0x0000000086f00000| Untracked 
|  28|0x0000000087000000, 0x0000000087000000, 0x0000000087100000|  0%| F|  |TAMS 0x0000000087000000, 0x0000000087000000| Untracked 
|  29|0x0000000087100000, 0x0000000087100000, 0x0000000087200000|  0%| F|  |TAMS 0x0000000087100000, 0x0000000087100000| Untracked 
|  30|0x0000000087200000, 0x0000000087200000, 0x0000000087300000|  0%| F|  |TAMS 0x0000000087200000, 0x0000000087200000| Untracked 
|  31|0x0000000087300000, 0x0000000087300000, 0x0000000087400000|  0%| F|  |TAMS 0x0000000087300000, 0x0000000087300000| Untracked 
|  32|0x0000000087400000, 0x0000000087400000, 0x0000000087500000|  0%| F|  |TAMS 0x0000000087400000, 0x0000000087400000| Untracked 
|  33|0x0000000087500000, 0x0000000087500000, 0x0000000087600000|  0%| F|  |TAMS 0x0000000087500000, 0x0000000087500000| Untracked 
|  34|0x0000000087600000, 0x0000000087600000, 0x0000000087700000|  0%| F|  |TAMS 0x0000000087600000, 0x0000000087600000| Untracked 
|  35|0x0000000087700000, 0x0000000087700000, 0x0000000087800000|  0%| F|  |TAMS 0x0000000087700000, 0x0000000087700000| Untracked 
|  36|0x0000000087800000, 0x0000000087800000, 0x0000000087900000|  0%| F|  |TAMS 0x0000000087800000, 0x0000000087800000| Untracked 
|  37|0x0000000087900000, 0x0000000087900000, 0x0000000087a00000|  0%| F|  |TAMS 0x0000000087900000, 0x0000000087900000| Untracked 
|  38|0x0000000087a00000, 0x0000000087a00000, 0x0000000087b00000|  0%| F|  |TAMS 0x0000000087a00000, 0x0000000087a00000| Untracked 
|  39|0x0000000087b00000, 0x0000000087b00000, 0x0000000087c00000|  0%| F|  |TAMS 0x0000000087b00000, 0x0000000087b00000| Untracked 
|  40|0x0000000087c00000, 0x0000000087c00000, 0x0000000087d00000|  0%| F|  |TAMS 0x0000000087c00000, 0x0000000087c00000| Untracked 
|  41|0x0000000087d00000, 0x0000000087d00000, 0x0000000087e00000|  0%| F|  |TAMS 0x0000000087d00000, 0x0000000087d00000| Untracked 
|  42|0x0000000087e00000, 0x0000000087e00000, 0x0000000087f00000|  0%| F|  |TAMS 0x0000000087e00000, 0x0000000087e00000| Untracked 
|  43|0x0000000087f00000, 0x0000000087f00000, 0x0000000088000000|  0%| F|  |TAMS 0x0000000087f00000, 0x0000000087f00000| Untracked 
|  44|0x0000000088000000, 0x0000000088000000, 0x0000000088100000|  0%| F|  |TAMS 0x0000000088000000, 0x0000000088000000| Untracked 
|  45|0x0000000088100000, 0x0000000088100000, 0x0000000088200000|  0%| F|  |TAMS 0x0000000088100000, 0x0000000088100000| Untracked 
|  46|0x0000000088200000, 0x0000000088200000, 0x0000000088300000|  0%| F|  |TAMS 0x0000000088200000, 0x0000000088200000| Untracked 
|  47|0x0000000088300000, 0x0000000088300000, 0x0000000088400000|  0%| F|  |TAMS 0x0000000088300000, 0x0000000088300000| Untracked 
|  48|0x0000000088400000, 0x0000000088400000, 0x0000000088500000|  0%| F|  |TAMS 0x0000000088400000, 0x0000000088400000| Untracked 
|  49|0x0000000088500000, 0x0000000088500000, 0x0000000088600000|  0%| F|  |TAMS 0x0000000088500000, 0x0000000088500000| Untracked 
|  50|0x0000000088600000, 0x0000000088600000, 0x0000000088700000|  0%| F|  |TAMS 0x0000000088600000, 0x0000000088600000| Untracked 
|  51|0x0000000088700000, 0x0000000088700000, 0x0000000088800000|  0%| F|  |TAMS 0x0000000088700000, 0x0000000088700000| Untracked 
|  52|0x0000000088800000, 0x0000000088800000, 0x0000000088900000|  0%| F|  |TAMS 0x0000000088800000, 0x0000000088800000| Untracked 
|  53|0x0000000088900000, 0x0000000088900000, 0x0000000088a00000|  0%| F|  |TAMS 0x0000000088900000, 0x0000000088900000| Untracked 
|  54|0x0000000088a00000, 0x0000000088a00000, 0x0000000088b00000|  0%| F|  |TAMS 0x0000000088a00000, 0x0000000088a00000| Untracked 
|  55|0x0000000088b00000, 0x0000000088b00000, 0x0000000088c00000|  0%| F|  |TAMS 0x0000000088b00000, 0x0000000088b00000| Untracked 
|  56|0x0000000088c00000, 0x0000000088c00000, 0x0000000088d00000|  0%| F|  |TAMS 0x0000000088c00000, 0x0000000088c00000| Untracked 
|  57|0x0000000088d00000, 0x0000000088d00000, 0x0000000088e00000|  0%| F|  |TAMS 0x0000000088d00000, 0x0000000088d00000| Untracked 
|  58|0x0000000088e00000, 0x0000000088e00000, 0x0000000088f00000|  0%| F|  |TAMS 0x0000000088e00000, 0x0000000088e00000| Untracked 
|  59|0x0000000088f00000, 0x0000000088f00000, 0x0000000089000000|  0%| F|  |TAMS 0x0000000088f00000, 0x0000000088f00000| Untracked 
|  60|0x0000000089000000, 0x0000000089000000, 0x0000000089100000|  0%| F|  |TAMS 0x0000000089000000, 0x0000000089000000| Untracked 
|  61|0x0000000089100000, 0x0000000089100000, 0x0000000089200000|  0%| F|  |TAMS 0x0000000089100000, 0x0000000089100000| Untracked 
|  62|0x0000000089200000, 0x0000000089200000, 0x0000000089300000|  0%| F|  |TAMS 0x0000000089200000, 0x0000000089200000| Untracked 
|  63|0x0000000089300000, 0x0000000089300000, 0x0000000089400000|  0%| F|  |TAMS 0x0000000089300000, 0x0000000089300000| Untracked 
|  64|0x0000000089400000, 0x0000000089400000, 0x0000000089500000|  0%| F|  |TAMS 0x0000000089400000, 0x0000000089400000| Untracked 
|  65|0x0000000089500000, 0x0000000089500000, 0x0000000089600000|  0%| F|  |TAMS 0x0000000089500000, 0x0000000089500000| Untracked 
|  66|0x0000000089600000, 0x0000000089600000, 0x0000000089700000|  0%| F|  |TAMS 0x0000000089600000, 0x0000000089600000| Untracked 
|  67|0x0000000089700000, 0x0000000089700000, 0x0000000089800000|  0%| F|  |TAMS 0x0000000089700000, 0x0000000089700000| Untracked 
|  68|0x0000000089800000, 0x0000000089800000, 0x0000000089900000|  0%| F|  |TAMS 0x0000000089800000, 0x0000000089800000| Untracked 
|  69|0x0000000089900000, 0x0000000089900000, 0x0000000089a00000|  0%| F|  |TAMS 0x0000000089900000, 0x0000000089900000| Untracked 
|  70|0x0000000089a00000, 0x0000000089a00000, 0x0000000089b00000|  0%| F|  |TAMS 0x0000000089a00000, 0x0000000089a00000| Untracked 
|  71|0x0000000089b00000, 0x0000000089b00000, 0x0000000089c00000|  0%| F|  |TAMS 0x0000000089b00000, 0x0000000089b00000| Untracked 
|  72|0x0000000089c00000, 0x0000000089c00000, 0x0000000089d00000|  0%| F|  |TAMS 0x0000000089c00000, 0x0000000089c00000| Untracked 
|  73|0x0000000089d00000, 0x0000000089d00000, 0x0000000089e00000|  0%| F|  |TAMS 0x0000000089d00000, 0x0000000089d00000| Untracked 
|  74|0x0000000089e00000, 0x0000000089e00000, 0x0000000089f00000|  0%| F|  |TAMS 0x0000000089e00000, 0x0000000089e00000| Untracked 
|  75|0x0000000089f00000, 0x0000000089f00000, 0x000000008a000000|  0%| F|  |TAMS 0x0000000089f00000, 0x0000000089f00000| Untracked 
|  76|0x000000008a000000, 0x000000008a000000, 0x000000008a100000|  0%| F|  |TAMS 0x000000008a000000, 0x000000008a000000| Untracked 
|  77|0x000000008a100000, 0x000000008a100000, 0x000000008a200000|  0%| F|  |TAMS 0x000000008a100000, 0x000000008a100000| Untracked 
|  78|0x000000008a200000, 0x000000008a200000, 0x000000008a300000|  0%| F|  |TAMS 0x000000008a200000, 0x000000008a200000| Untracked 
|  79|0x000000008a300000, 0x000000008a300000, 0x000000008a400000|  0%| F|  |TAMS 0x000000008a300000, 0x000000008a300000| Untracked 
|  80|0x000000008a400000, 0x000000008a400000, 0x000000008a500000|  0%| F|  |TAMS 0x000000008a400000, 0x000000008a400000| Untracked 
|  81|0x000000008a500000, 0x000000008a500000, 0x000000008a600000|  0%| F|  |TAMS 0x000000008a500000, 0x000000008a500000| Untracked 
|  82|0x000000008a600000, 0x000000008a600000, 0x000000008a700000|  0%| F|  |TAMS 0x000000008a600000, 0x000000008a600000| Untracked 
|  83|0x000000008a700000, 0x000000008a700000, 0x000000008a800000|  0%| F|  |TAMS 0x000000008a700000, 0x000000008a700000| Untracked 
|  84|0x000000008a800000, 0x000000008a800000, 0x000000008a900000|  0%| F|  |TAMS 0x000000008a800000, 0x000000008a800000| Untracked 
|  85|0x000000008a900000, 0x000000008a900000, 0x000000008aa00000|  0%| F|  |TAMS 0x000000008a900000, 0x000000008a900000| Untracked 
|  86|0x000000008aa00000, 0x000000008aa00000, 0x000000008ab00000|  0%| F|  |TAMS 0x000000008aa00000, 0x000000008aa00000| Untracked 
|  87|0x000000008ab00000, 0x000000008ab00000, 0x000000008ac00000|  0%| F|  |TAMS 0x000000008ab00000, 0x000000008ab00000| Untracked 
|  88|0x000000008ac00000, 0x000000008ac00000, 0x000000008ad00000|  0%| F|  |TAMS 0x000000008ac00000, 0x000000008ac00000| Untracked 
|  89|0x000000008ad00000, 0x000000008ad00000, 0x000000008ae00000|  0%| F|  |TAMS 0x000000008ad00000, 0x000000008ad00000| Untracked 
|  90|0x000000008ae00000, 0x000000008ae00000, 0x000000008af00000|  0%| F|  |TAMS 0x000000008ae00000, 0x000000008ae00000| Untracked 
|  91|0x000000008af00000, 0x000000008af00000, 0x000000008b000000|  0%| F|  |TAMS 0x000000008af00000, 0x000000008af00000| Untracked 
|  92|0x000000008b000000, 0x000000008b000000, 0x000000008b100000|  0%| F|  |TAMS 0x000000008b000000, 0x000000008b000000| Untracked 
|  93|0x000000008b100000, 0x000000008b100000, 0x000000008b200000|  0%| F|  |TAMS 0x000000008b100000, 0x000000008b100000| Untracked 
|  94|0x000000008b200000, 0x000000008b200000, 0x000000008b300000|  0%| F|  |TAMS 0x000000008b200000, 0x000000008b200000| Untracked 
|  95|0x000000008b300000, 0x000000008b300000, 0x000000008b400000|  0%| F|  |TAMS 0x000000008b300000, 0x000000008b300000| Untracked 
|  96|0x000000008b400000, 0x000000008b400000, 0x000000008b500000|  0%| F|  |TAMS 0x000000008b400000, 0x000000008b400000| Untracked 
|  97|0x000000008b500000, 0x000000008b500000, 0x000000008b600000|  0%| F|  |TAMS 0x000000008b500000, 0x000000008b500000| Untracked 
|  98|0x000000008b600000, 0x000000008b600000, 0x000000008b700000|  0%| F|  |TAMS 0x000000008b600000, 0x000000008b600000| Untracked 
|  99|0x000000008b700000, 0x000000008b700000, 0x000000008b800000|  0%| F|  |TAMS 0x000000008b700000, 0x000000008b700000| Untracked 
| 100|0x000000008b800000, 0x000000008b800000, 0x000000008b900000|  0%| F|  |TAMS 0x000000008b800000, 0x000000008b800000| Untracked 
| 101|0x000000008b900000, 0x000000008b900000, 0x000000008ba00000|  0%| F|  |TAMS 0x000000008b900000, 0x000000008b900000| Untracked 
| 102|0x000000008ba00000, 0x000000008ba00000, 0x000000008bb00000|  0%| F|  |TAMS 0x000000008ba00000, 0x000000008ba00000| Untracked 
| 103|0x000000008bb00000, 0x000000008bb00000, 0x000000008bc00000|  0%| F|  |TAMS 0x000000008bb00000, 0x000000008bb00000| Untracked 
| 104|0x000000008bc00000, 0x000000008bc00000, 0x000000008bd00000|  0%| F|  |TAMS 0x000000008bc00000, 0x000000008bc00000| Untracked 
| 105|0x000000008bd00000, 0x000000008bd00000, 0x000000008be00000|  0%| F|  |TAMS 0x000000008bd00000, 0x000000008bd00000| Untracked 
| 106|0x000000008be00000, 0x000000008be00000, 0x000000008bf00000|  0%| F|  |TAMS 0x000000008be00000, 0x000000008be00000| Untracked 
| 107|0x000000008bf00000, 0x000000008bf00000, 0x000000008c000000|  0%| F|  |TAMS 0x000000008bf00000, 0x000000008bf00000| Untracked 
| 108|0x000000008c000000, 0x000000008c000000, 0x000000008c100000|  0%| F|  |TAMS 0x000000008c000000, 0x000000008c000000| Untracked 
| 109|0x000000008c100000, 0x000000008c100000, 0x000000008c200000|  0%| F|  |TAMS 0x000000008c100000, 0x000000008c100000| Untracked 
| 110|0x000000008c200000, 0x000000008c200000, 0x000000008c300000|  0%| F|  |TAMS 0x000000008c200000, 0x000000008c200000| Untracked 
| 111|0x000000008c300000, 0x000000008c300000, 0x000000008c400000|  0%| F|  |TAMS 0x000000008c300000, 0x000000008c300000| Untracked 
| 112|0x000000008c400000, 0x000000008c400000, 0x000000008c500000|  0%| F|  |TAMS 0x000000008c400000, 0x000000008c400000| Untracked 
| 113|0x000000008c500000, 0x000000008c500000, 0x000000008c600000|  0%| F|  |TAMS 0x000000008c500000, 0x000000008c500000| Untracked 
| 114|0x000000008c600000, 0x000000008c600000, 0x000000008c700000|  0%| F|  |TAMS 0x000000008c600000, 0x000000008c600000| Untracked 
| 115|0x000000008c700000, 0x000000008c700000, 0x000000008c800000|  0%| F|  |TAMS 0x000000008c700000, 0x000000008c700000| Untracked 
| 116|0x000000008c800000, 0x000000008c800000, 0x000000008c900000|  0%| F|  |TAMS 0x000000008c800000, 0x000000008c800000| Untracked 
| 117|0x000000008c900000, 0x000000008c900000, 0x000000008ca00000|  0%| F|  |TAMS 0x000000008c900000, 0x000000008c900000| Untracked 
| 118|0x000000008ca00000, 0x000000008ca00000, 0x000000008cb00000|  0%| F|  |TAMS 0x000000008ca00000, 0x000000008ca00000| Untracked 
| 119|0x000000008cb00000, 0x000000008cb00000, 0x000000008cc00000|  0%| F|  |TAMS 0x000000008cb00000, 0x000000008cb00000| Untracked 
| 120|0x000000008cc00000, 0x000000008ccae150, 0x000000008cd00000| 68%| E|  |TAMS 0x000000008cc00000, 0x000000008cc00000| Complete 
| 121|0x000000008cd00000, 0x000000008ce00000, 0x000000008ce00000|100%| E|CS|TAMS 0x000000008cd00000, 0x000000008cd00000| Complete 
| 122|0x000000008ce00000, 0x000000008cf00000, 0x000000008cf00000|100%| E|CS|TAMS 0x000000008ce00000, 0x000000008ce00000| Complete 
| 123|0x000000008cf00000, 0x000000008d000000, 0x000000008d000000|100%| E|CS|TAMS 0x000000008cf00000, 0x000000008cf00000| Complete 
|1962|0x00000000ffe00000, 0x00000000ffe47000, 0x00000000fff00000| 27%|OA|  |TAMS 0x00000000ffe00000, 0x00000000ffe00000| Untracked 
|1963|0x00000000fff00000, 0x00000000fff6a000, 0x0000000100000000| 41%|CA|  |TAMS 0x00000000fff00000, 0x00000000fff00000| Untracked 

Card table byte_map: [0x00007f910bc2a000,0x00007f910c000000] _byte_map_base: 0x00007f910b800000

Marking Bits (Prev, Next): (CMBitMap*) 0x00007f9128057058, (CMBitMap*) 0x00007f9128057090
 Prev Bits: [0x00007f91099a4000, 0x00007f910b854000)
 Next Bits: [0x00007f9107af4000, 0x00007f91099a4000)

Polling page: 0x00007f912fb1f000

Metaspace:

Usage:
  Non-class:      4,30 MB capacity,     2,37 MB ( 55%) used,     1,92 MB ( 45%) free+waste,     2,62 KB ( <1%) overhead. 
      Class:    442,00 KB capacity,   247,15 KB ( 56%) used,   193,35 KB ( 44%) free+waste,     1,50 KB ( <1%) overhead. 
       Both:      4,73 MB capacity,     2,61 MB ( 55%) used,     2,11 MB ( 45%) free+waste,     4,12 KB ( <1%) overhead. 

Virtual space:
  Non-class space:        8,00 MB reserved,       4,50 MB ( 56%) committed 
      Class space:        1,00 GB reserved,     512,00 KB ( <1%) committed 
             Both:        1,01 GB reserved,       5,00 MB ( <1%) committed 

Chunk freelists:
   Non-Class:  39,00 KB
       Class:  6,00 KB
        Both:  45,00 KB

MaxMetaspaceSize: unlimited
CompressedClassSpaceSize: 1,00 GB

CodeHeap 'non-profiled nmethods': size=120036Kb used=96Kb max_used=96Kb free=119939Kb
 bounds [0x00007f91183c9000, 0x00007f9118639000, 0x00007f911f902000]
CodeHeap 'profiled nmethods': size=120032Kb used=492Kb max_used=492Kb free=119539Kb
 bounds [0x00007f9110e91000, 0x00007f9111101000, 0x00007f91183c9000]
CodeHeap 'non-nmethods': size=5692Kb used=1111Kb max_used=1126Kb free=4580Kb
 bounds [0x00007f9110902000, 0x00007f9110b72000, 0x00007f9110e91000]
 total_blobs=708 nmethods=356 adapters=274
 compilation: enabled
              stopped_count=0, restarted_count=0
 full_count=0

Compilation events (20 events):
Event: 0,529 Thread 0x00007f912817a000 nmethod 347 0x00007f91183df010 code [0x00007f91183df1c0, 0x00007f91183df290]
Event: 0,530 Thread 0x00007f912817a000  348       3       java.security.Provider$ServiceKey::hashCode (22 bytes)
Event: 0,531 Thread 0x00007f912817a000 nmethod 348 0x00007f9110f07c90 code [0x00007f9110f07e80, 0x00007f9110f08420]
Event: 0,532 Thread 0x00007f912817a000  349       3       sun.security.x509.X509CertImpl::getEncodedInternal (22 bytes)
Event: 0,533 Thread 0x00007f912817a000 nmethod 349 0x00007f9110f08590 code [0x00007f9110f08760, 0x00007f9110f08940]
Event: 0,533 Thread 0x00007f912817a000  350   !   3       java.security.cert.Certificate::equals (38 bytes)
Event: 0,534 Thread 0x00007f912817a000 nmethod 350 0x00007f9110f08a10 code [0x00007f9110f08ca0, 0x00007f9110f09aa0]
Event: 0,537 Thread 0x00007f912817a000  351       3       java.lang.String::regionMatches (150 bytes)
Event: 0,538 Thread 0x00007f912817a000 nmethod 351 0x00007f9110f09f90 code [0x00007f9110f0a200, 0x00007f9110f0ac20]
Event: 0,565 Thread 0x00007f9128177800 nmethod 339% 0x00007f91183df310 code [0x00007f91183df4e0, 0x00007f91183e0238]
Event: 1,331 Thread 0x00007f912817a000  352       3       java.lang.StringUTF16::compress (50 bytes)
Event: 1,332 Thread 0x00007f912817a000 nmethod 352 0x00007f9110f0af90 code [0x00007f9110f0b160, 0x00007f9110f0b390]
Event: 16,887 Thread 0x00007f912817a000  353       3       org.eclipse.jdt.launching.internal.org.objectweb.asm.ClassReader::readUnsignedShort (26 bytes)
Event: 16,887 Thread 0x00007f912817a000 nmethod 353 0x00007f9110f0b510 code [0x00007f9110f0b6c0, 0x00007f9110f0b830]
Event: 45,173 Thread 0x00007f912817a000  355       3       org.eclipse.jdt.launching.internal.org.objectweb.asm.ByteVector::putShort (52 bytes)
Event: 45,174 Thread 0x00007f912817a000 nmethod 355 0x00007f9110f0b910 code [0x00007f9110f0bae0, 0x00007f9110f0bd00]
Event: 45,174 Thread 0x00007f912817a000  356       3       org.eclipse.jdt.launching.internal.org.objectweb.asm.SymbolTable::get (13 bytes)
Event: 45,174 Thread 0x00007f912817a000 nmethod 356 0x00007f9110f0be90 code [0x00007f9110f0c040, 0x00007f9110f0c1b0]
Event: 45,174 Thread 0x00007f9128177800  354       4       sun.security.provider.SHA2::implCompress0 (322 bytes)
Event: 45,210 Thread 0x00007f9128177800 nmethod 354 0x00007f91183e0610 code [0x00007f91183e07c0, 0x00007f91183e1118]

GC Heap History (0 events):
No events

Deoptimization events (20 events):
Event: 0,520 Thread 0x00007f9128016800 DEOPT PACKING pc=0x00007f9110ef741f sp=0x00007f912faf75e0
Event: 0,520 Thread 0x00007f9128016800 DEOPT UNPACKING pc=0x00007f9110937fab sp=0x00007f912faf6ac8 mode 0
Event: 0,520 Thread 0x00007f9128016800 DEOPT PACKING pc=0x00007f9110ef741f sp=0x00007f912faf75e0
Event: 0,520 Thread 0x00007f9128016800 DEOPT UNPACKING pc=0x00007f9110937fab sp=0x00007f912faf6ac8 mode 0
Event: 0,524 Thread 0x00007f9128016800 DEOPT PACKING pc=0x00007f9110ef741f sp=0x00007f912faf7560
Event: 0,524 Thread 0x00007f9128016800 DEOPT UNPACKING pc=0x00007f9110937fab sp=0x00007f912faf6a48 mode 0
Event: 0,524 Thread 0x00007f9128016800 DEOPT PACKING pc=0x00007f9110ef741f sp=0x00007f912faf7560
Event: 0,524 Thread 0x00007f9128016800 DEOPT UNPACKING pc=0x00007f9110937fab sp=0x00007f912faf6a48 mode 0
Event: 0,525 Thread 0x00007f9128016800 DEOPT PACKING pc=0x00007f9110ef741f sp=0x00007f912faf7630
Event: 0,525 Thread 0x00007f9128016800 DEOPT UNPACKING pc=0x00007f9110937fab sp=0x00007f912faf6b18 mode 0
Event: 0,531 Thread 0x00007f9128016800 DEOPT PACKING pc=0x00007f9110ef741f sp=0x00007f912faf5fd0
Event: 0,531 Thread 0x00007f9128016800 DEOPT UNPACKING pc=0x00007f9110937fab sp=0x00007f912faf54b8 mode 0
Event: 0,536 Thread 0x00007f9128016800 DEOPT PACKING pc=0x00007f9110ef741f sp=0x00007f912faf7230
Event: 0,536 Thread 0x00007f9128016800 DEOPT UNPACKING pc=0x00007f9110937fab sp=0x00007f912faf6718 mode 0
Event: 0,536 Thread 0x00007f9128016800 DEOPT PACKING pc=0x00007f9110ef741f sp=0x00007f912faf7230
Event: 0,536 Thread 0x00007f9128016800 DEOPT UNPACKING pc=0x00007f9110937fab sp=0x00007f912faf6718 mode 0
Event: 45,171 Thread 0x00007f91281d3800 DEOPT PACKING pc=0x00007f9110ef741f sp=0x00007f90df9e20c0
Event: 45,171 Thread 0x00007f91281d3800 DEOPT UNPACKING pc=0x00007f9110937fab sp=0x00007f90df9e15a8 mode 0
Event: 45,171 Thread 0x00007f91281d3800 DEOPT PACKING pc=0x00007f9110ef741f sp=0x00007f90df9e20c0
Event: 45,171 Thread 0x00007f91281d3800 DEOPT UNPACKING pc=0x00007f9110937fab sp=0x00007f90df9e15a8 mode 0

Classes redefined (5 events):
Event: 1,334 Thread 0x00007f912816b000 redefined class name=ejerciciosUD3.Notas, count=1
Event: 16,888 Thread 0x00007f912816b000 redefined class name=ejerciciosUD3.Notas, count=2
Event: 17,152 Thread 0x00007f912816b000 redefined class name=ejerciciosUD3.Notas, count=3
Event: 18,234 Thread 0x00007f912816b000 redefined class name=ejerciciosUD3.Notas, count=4
Event: 45,173 Thread 0x00007f912816b000 redefined class name=ejerciciosUD3.Notas, count=5

Internal exceptions (0 events):
No events

Events (20 events):
Event: 18,237 Executing VM operation: ChangeBreakpoints done
Event: 18,251 Executing VM operation: GetFrameCount
Event: 18,251 Executing VM operation: GetFrameCount done
Event: 18,251 Executing VM operation: GetStackTrace
Event: 18,251 Executing VM operation: GetStackTrace done
Event: 18,318 Executing VM operation: GetFrameCount
Event: 18,318 Executing VM operation: GetFrameCount done
Event: 18,318 Executing VM operation: GetOwnedMonitorInfo
Event: 18,318 Executing VM operation: GetOwnedMonitorInfo done
Event: 18,318 Executing VM operation: GetCurrentContendedMonitor
Event: 18,318 Executing VM operation: GetCurrentContendedMonitor done
Event: 45,170 loading class org/eclipse/jdt/launching/internal/org/objectweb/asm/Opcodes
Event: 45,170 loading class org/eclipse/jdt/launching/internal/org/objectweb/asm/Opcodes done
Event: 45,172 Executing VM operation: RedefineClasses
Event: 45,173 Executing VM operation: RedefineClasses done
Event: 45,198 Executing VM operation: ChangeBreakpoints
Event: 45,199 Executing VM operation: ChangeBreakpoints done
Event: 45,215 Executing VM operation: GetFrameCount
Event: 45,215 Executing VM operation: GetFrameCount done
Event: 45,215 Executing VM operation: GetStackTrace


Dynamic libraries:
85400000-8d000000 rw-p 00000000 00:00 0 
8d000000-ffe00000 ---p 00000000 00:00 0 
ffe00000-ffe47000 rw-p 0110e000 08:01 13631643                           /usr/lib/jvm/java-11-openjdk-amd64/lib/server/classes.jsa
ffe47000-fff00000 rw-p 00000000 00:00 0 
fff00000-fff6a000 rw-p 010a4000 08:01 13631643                           /usr/lib/jvm/java-11-openjdk-amd64/lib/server/classes.jsa
fff6a000-100000000 rw-p 00000000 00:00 0 
800000000-800002000 rwxp 00001000 08:01 13631643                         /usr/lib/jvm/java-11-openjdk-amd64/lib/server/classes.jsa
800002000-8010a3000 rw-p 00003000 08:01 13631643                         /usr/lib/jvm/java-11-openjdk-amd64/lib/server/classes.jsa
840000000-840080000 rw-p 00000000 00:00 0 
840080000-880000000 ---p 00000000 00:00 0 
5634af174000-5634af175000 r-xp 00000000 08:01 13507671                   /usr/lib/jvm/java-11-openjdk-amd64/bin/java
5634af375000-5634af376000 r--p 00001000 08:01 13507671                   /usr/lib/jvm/java-11-openjdk-amd64/bin/java
5634af376000-5634af377000 rw-p 00002000 08:01 13507671                   /usr/lib/jvm/java-11-openjdk-amd64/bin/java
5634afd59000-5634afd9c000 rw-p 00000000 00:00 0                          [heap]
7f90cc000000-7f90cc021000 rw-p 00000000 00:00 0 
7f90cc021000-7f90d0000000 ---p 00000000 00:00 0 
7f90d0000000-7f90d0021000 rw-p 00000000 00:00 0 
7f90d0021000-7f90d4000000 ---p 00000000 00:00 0 
7f90d4000000-7f90d4021000 rw-p 00000000 00:00 0 
7f90d4021000-7f90d8000000 ---p 00000000 00:00 0 
7f90d8000000-7f90d80b9000 rw-p 00000000 00:00 0 
7f90d80b9000-7f90dc000000 ---p 00000000 00:00 0 
7f90df0b8000-7f90df0b9000 ---p 00000000 00:00 0 
7f90df0b9000-7f90df1ba000 rw-p 00000000 00:00 0 
7f90df1ba000-7f90df1be000 ---p 00000000 00:00 0 
7f90df1be000-7f90df2bb000 rw-p 00000000 00:00 0 
7f90df2bb000-7f90df2d1000 r-xp 00000000 08:01 13511658                   /usr/lib/jvm/java-11-openjdk-amd64/lib/libnet.so
7f90df2d1000-7f90df4d0000 ---p 00016000 08:01 13511658                   /usr/lib/jvm/java-11-openjdk-amd64/lib/libnet.so
7f90df4d0000-7f90df4d1000 r--p 00015000 08:01 13511658                   /usr/lib/jvm/java-11-openjdk-amd64/lib/libnet.so
7f90df4d1000-7f90df4d2000 rw-p 00016000 08:01 13511658                   /usr/lib/jvm/java-11-openjdk-amd64/lib/libnet.so
7f90df4d2000-7f90df4e2000 r-xp 00000000 08:01 13511659                   /usr/lib/jvm/java-11-openjdk-amd64/lib/libnio.so
7f90df4e2000-7f90df6e1000 ---p 00010000 08:01 13511659                   /usr/lib/jvm/java-11-openjdk-amd64/lib/libnio.so
7f90df6e1000-7f90df6e2000 r--p 0000f000 08:01 13511659                   /usr/lib/jvm/java-11-openjdk-amd64/lib/libnio.so
7f90df6e2000-7f90df6e3000 rw-p 00010000 08:01 13511659                   /usr/lib/jvm/java-11-openjdk-amd64/lib/libnio.so
7f90df6e3000-7f90df6e7000 ---p 00000000 00:00 0 
7f90df6e7000-7f90df7e4000 rw-p 00000000 00:00 0 
7f90df7e4000-7f90df7e8000 ---p 00000000 00:00 0 
7f90df7e8000-7f90df8e5000 rw-p 00000000 00:00 0 
7f90df8e5000-7f90df8e9000 ---p 00000000 00:00 0 
7f90df8e9000-7f90df9e6000 rw-p 00000000 00:00 0 
7f90df9e6000-7f90df9f1000 r-xp 00000000 08:01 15209583                   /lib/x86_64-linux-gnu/libnss_files-2.27.so
7f90df9f1000-7f90dfbf0000 ---p 0000b000 08:01 15209583                   /lib/x86_64-linux-gnu/libnss_files-2.27.so
7f90dfbf0000-7f90dfbf1000 r--p 0000a000 08:01 15209583                   /lib/x86_64-linux-gnu/libnss_files-2.27.so
7f90dfbf1000-7f90dfbf2000 rw-p 0000b000 08:01 15209583                   /lib/x86_64-linux-gnu/libnss_files-2.27.so
7f90dfbf2000-7f90dfbf8000 rw-p 00000000 00:00 0 
7f90dfbf8000-7f90dfbfc000 r-xp 00000000 08:01 13511638                   /usr/lib/jvm/java-11-openjdk-amd64/lib/libdt_socket.so
7f90dfbfc000-7f90dfdfc000 ---p 00004000 08:01 13511638                   /usr/lib/jvm/java-11-openjdk-amd64/lib/libdt_socket.so
7f90dfdfc000-7f90dfdfd000 r--p 00004000 08:01 13511638                   /usr/lib/jvm/java-11-openjdk-amd64/lib/libdt_socket.so
7f90dfdfd000-7f90dfdfe000 rw-p 00005000 08:01 13511638                   /usr/lib/jvm/java-11-openjdk-amd64/lib/libdt_socket.so
7f90dfdfe000-7f90dfe02000 ---p 00000000 00:00 0 
7f90dfe02000-7f90dfeff000 rw-p 00000000 00:00 0 
7f90dfeff000-7f90dff03000 ---p 00000000 00:00 0 
7f90dff03000-7f90e0000000 rw-p 00000000 00:00 0 
7f90e0000000-7f90e0021000 rw-p 00000000 00:00 0 
7f90e0021000-7f90e4000000 ---p 00000000 00:00 0 
7f90e4000000-7f90e42dc000 rw-p 00000000 00:00 0 
7f90e42dc000-7f90e8000000 ---p 00000000 00:00 0 
7f90e8000000-7f90e8021000 rw-p 00000000 00:00 0 
7f90e8021000-7f90ec000000 ---p 00000000 00:00 0 
7f90ec000000-7f90ec021000 rw-p 00000000 00:00 0 
7f90ec021000-7f90f0000000 ---p 00000000 00:00 0 
7f90f0000000-7f90f0021000 rw-p 00000000 00:00 0 
7f90f0021000-7f90f4000000 ---p 00000000 00:00 0 
7f90f4000000-7f90f4021000 rw-p 00000000 00:00 0 
7f90f4021000-7f90f8000000 ---p 00000000 00:00 0 
7f90f8000000-7f90f8021000 rw-p 00000000 00:00 0 
7f90f8021000-7f90fc000000 ---p 00000000 00:00 0 
7f90fc000000-7f90fc021000 rw-p 00000000 00:00 0 
7f90fc021000-7f9100000000 ---p 00000000 00:00 0 
7f9100000000-7f9100021000 rw-p 00000000 00:00 0 
7f9100021000-7f9104000000 ---p 00000000 00:00 0 
7f9104059000-7f910405d000 ---p 00000000 00:00 0 
7f910405d000-7f910415a000 rw-p 00000000 00:00 0 
7f910415a000-7f910415e000 ---p 00000000 00:00 0 
7f910415e000-7f910425b000 rw-p 00000000 00:00 0 
7f910425b000-7f910425f000 ---p 00000000 00:00 0 
7f910425f000-7f910435c000 rw-p 00000000 00:00 0 
7f910435c000-7f91049e6000 r--p 00000000 08:01 13507806                   /usr/lib/locale/locale-archive
7f91049e6000-7f91049ea000 ---p 00000000 00:00 0 
7f91049ea000-7f9104ae7000 rw-p 00000000 00:00 0 
7f9104ae7000-7f9104aeb000 ---p 00000000 00:00 0 
7f9104aeb000-7f9104be8000 rw-p 00000000 00:00 0 
7f9104be8000-7f9104be9000 ---p 00000000 00:00 0 
7f9104be9000-7f910516a000 rw-p 00000000 00:00 0 
7f910516a000-7f91054ea000 ---p 00000000 00:00 0 
7f91054ea000-7f91054eb000 ---p 00000000 00:00 0 
7f91054eb000-7f91055ec000 rw-p 00000000 00:00 0 
7f91055ec000-7f91055ed000 ---p 00000000 00:00 0 
7f91055ed000-7f91078f0000 rw-p 00000000 00:00 0 
7f91078f0000-7f91078f1000 ---p 00000000 00:00 0 
7f91078f1000-7f91079f2000 rw-p 00000000 00:00 0 
7f91079f2000-7f91079f3000 ---p 00000000 00:00 0 
7f91079f3000-7f9107ce4000 rw-p 00000000 00:00 0 
7f9107ce4000-7f910999c000 ---p 00000000 00:00 0 
7f910999c000-7f9109b94000 rw-p 00000000 00:00 0 
7f9109b94000-7f910b84c000 ---p 00000000 00:00 0 
7f910b84c000-7f910b892000 rw-p 00000000 00:00 0 
7f910b892000-7f910bc29000 ---p 00000000 00:00 0 
7f910bc29000-7f910bc68000 rw-p 00000000 00:00 0 
7f910bc68000-7f910bfff000 ---p 00000000 00:00 0 
7f910bfff000-7f910c000000 rw-p 00000000 00:00 0 
7f910c000000-7f910c021000 rw-p 00000000 00:00 0 
7f910c021000-7f9110000000 ---p 00000000 00:00 0 
7f9110052000-7f9110090000 rw-p 00000000 00:00 0 
7f9110090000-7f9110427000 ---p 00000000 00:00 0 
7f9110427000-7f911062a000 rw-p 00000000 00:00 0 
7f911062a000-7f911062b000 ---p 00000000 00:00 0 
7f911062b000-7f9110731000 rw-p 00000000 00:00 0 
7f9110731000-7f9110817000 ---p 00000000 00:00 0 
7f9110817000-7f911081c000 rw-p 00000000 00:00 0 
7f911081c000-7f9110902000 ---p 00000000 00:00 0 
7f9110902000-7f9110b72000 rwxp 00000000 00:00 0 
7f9110b72000-7f9110e91000 ---p 00000000 00:00 0 
7f9110e91000-7f9111101000 rwxp 00000000 00:00 0 
7f9111101000-7f91183c9000 ---p 00000000 00:00 0 
7f91183c9000-7f9118639000 rwxp 00000000 00:00 0 
7f9118639000-7f911f902000 ---p 00000000 00:00 0 
7f911f902000-7f9128000000 r--s 00000000 08:01 13511668                   /usr/lib/jvm/java-11-openjdk-amd64/lib/modules
7f9128000000-7f9128321000 rw-p 00000000 00:00 0 
7f9128321000-7f912c000000 ---p 00000000 00:00 0 
7f912c002000-7f912c037000 r--s 00000000 08:01 18618322                   /var/cache/nscd/hosts
7f912c037000-7f912c0b8000 rw-p 00000000 00:00 0 
7f912c0b8000-7f912c0bf000 r-xp 00000000 08:01 13511667                   /usr/lib/jvm/java-11-openjdk-amd64/lib/libzip.so
7f912c0bf000-7f912c2be000 ---p 00007000 08:01 13511667                   /usr/lib/jvm/java-11-openjdk-amd64/lib/libzip.so
7f912c2be000-7f912c2bf000 r--p 00006000 08:01 13511667                   /usr/lib/jvm/java-11-openjdk-amd64/lib/libzip.so
7f912c2bf000-7f912c2c0000 rw-p 00007000 08:01 13511667                   /usr/lib/jvm/java-11-openjdk-amd64/lib/libzip.so
7f912c2c0000-7f912c2ca000 r-xp 00000000 08:01 13511641                   /usr/lib/jvm/java-11-openjdk-amd64/lib/libinstrument.so
7f912c2ca000-7f912c4c9000 ---p 0000a000 08:01 13511641                   /usr/lib/jvm/java-11-openjdk-amd64/lib/libinstrument.so
7f912c4c9000-7f912c4ca000 r--p 00009000 08:01 13511641                   /usr/lib/jvm/java-11-openjdk-amd64/lib/libinstrument.so
7f912c4ca000-7f912c4cb000 rw-p 0000a000 08:01 13511641                   /usr/lib/jvm/java-11-openjdk-amd64/lib/libinstrument.so
7f912c4cb000-7f912c507000 r-xp 00000000 08:01 13511649                   /usr/lib/jvm/java-11-openjdk-amd64/lib/libjdwp.so
7f912c507000-7f912c706000 ---p 0003c000 08:01 13511649                   /usr/lib/jvm/java-11-openjdk-amd64/lib/libjdwp.so
7f912c706000-7f912c707000 r--p 0003b000 08:01 13511649                   /usr/lib/jvm/java-11-openjdk-amd64/lib/libjdwp.so
7f912c707000-7f912c708000 rw-p 0003c000 08:01 13511649                   /usr/lib/jvm/java-11-openjdk-amd64/lib/libjdwp.so
7f912c708000-7f912c70d000 r-xp 00000000 08:01 13511650                   /usr/lib/jvm/java-11-openjdk-amd64/lib/libjimage.so
7f912c70d000-7f912c90c000 ---p 00005000 08:01 13511650                   /usr/lib/jvm/java-11-openjdk-amd64/lib/libjimage.so
7f912c90c000-7f912c90d000 r--p 00004000 08:01 13511650                   /usr/lib/jvm/java-11-openjdk-amd64/lib/libjimage.so
7f912c90d000-7f912c90e000 rw-p 00005000 08:01 13511650                   /usr/lib/jvm/java-11-openjdk-amd64/lib/libjimage.so
7f912c90e000-7f912c937000 r-xp 00000000 08:01 13511646                   /usr/lib/jvm/java-11-openjdk-amd64/lib/libjava.so
7f912c937000-7f912cb37000 ---p 00029000 08:01 13511646                   /usr/lib/jvm/java-11-openjdk-amd64/lib/libjava.so
7f912cb37000-7f912cb38000 r--p 00029000 08:01 13511646                   /usr/lib/jvm/java-11-openjdk-amd64/lib/libjava.so
7f912cb38000-7f912cb39000 rw-p 0002a000 08:01 13511646                   /usr/lib/jvm/java-11-openjdk-amd64/lib/libjava.so
7f912cb39000-7f912cb3a000 rw-p 00000000 00:00 0 
7f912cb3a000-7f912cb47000 r-xp 00000000 08:01 13511666                   /usr/lib/jvm/java-11-openjdk-amd64/lib/libverify.so
7f912cb47000-7f912cd46000 ---p 0000d000 08:01 13511666                   /usr/lib/jvm/java-11-openjdk-amd64/lib/libverify.so
7f912cd46000-7f912cd48000 r--p 0000c000 08:01 13511666                   /usr/lib/jvm/java-11-openjdk-amd64/lib/libverify.so
7f912cd48000-7f912cd49000 rw-p 0000e000 08:01 13511666                   /usr/lib/jvm/java-11-openjdk-amd64/lib/libverify.so
7f912cd49000-7f912cd50000 r-xp 00000000 08:01 15209635                   /lib/x86_64-linux-gnu/librt-2.27.so
7f912cd50000-7f912cf4f000 ---p 00007000 08:01 15209635                   /lib/x86_64-linux-gnu/librt-2.27.so
7f912cf4f000-7f912cf50000 r--p 00006000 08:01 15209635                   /lib/x86_64-linux-gnu/librt-2.27.so
7f912cf50000-7f912cf51000 rw-p 00007000 08:01 15209635                   /lib/x86_64-linux-gnu/librt-2.27.so
7f912cf51000-7f912cf68000 r-xp 00000000 08:01 15209528                   /lib/x86_64-linux-gnu/libgcc_s.so.1
7f912cf68000-7f912d167000 ---p 00017000 08:01 15209528                   /lib/x86_64-linux-gnu/libgcc_s.so.1
7f912d167000-7f912d168000 r--p 00016000 08:01 15209528                   /lib/x86_64-linux-gnu/libgcc_s.so.1
7f912d168000-7f912d169000 rw-p 00017000 08:01 15209528                   /lib/x86_64-linux-gnu/libgcc_s.so.1
7f912d169000-7f912d306000 r-xp 00000000 08:01 15209554                   /lib/x86_64-linux-gnu/libm-2.27.so
7f912d306000-7f912d505000 ---p 0019d000 08:01 15209554                   /lib/x86_64-linux-gnu/libm-2.27.so
7f912d505000-7f912d506000 r--p 0019c000 08:01 15209554                   /lib/x86_64-linux-gnu/libm-2.27.so
7f912d506000-7f912d507000 rw-p 0019d000 08:01 15209554                   /lib/x86_64-linux-gnu/libm-2.27.so
7f912d507000-7f912d680000 r-xp 00000000 08:01 13510683                   /usr/lib/x86_64-linux-gnu/libstdc++.so.6.0.25
7f912d680000-7f912d880000 ---p 00179000 08:01 13510683                   /usr/lib/x86_64-linux-gnu/libstdc++.so.6.0.25
7f912d880000-7f912d88a000 r--p 00179000 08:01 13510683                   /usr/lib/x86_64-linux-gnu/libstdc++.so.6.0.25
7f912d88a000-7f912d88c000 rw-p 00183000 08:01 13510683                   /usr/lib/x86_64-linux-gnu/libstdc++.so.6.0.25
7f912d88c000-7f912d890000 rw-p 00000000 00:00 0 
7f912d890000-7f912e96e000 r-xp 00000000 08:01 13638241                   /usr/lib/jvm/java-11-openjdk-amd64/lib/server/libjvm.so
7f912e96e000-7f912eb6d000 ---p 010de000 08:01 13638241                   /usr/lib/jvm/java-11-openjdk-amd64/lib/server/libjvm.so
7f912eb6d000-7f912ec2a000 r--p 010dd000 08:01 13638241                   /usr/lib/jvm/java-11-openjdk-amd64/lib/server/libjvm.so
7f912ec2a000-7f912ec63000 rw-p 0119a000 08:01 13638241                   /usr/lib/jvm/java-11-openjdk-amd64/lib/server/libjvm.so
7f912ec63000-7f912ecba000 rw-p 00000000 00:00 0 
7f912ecba000-7f912ecd4000 r-xp 00000000 08:01 15209627                   /lib/x86_64-linux-gnu/libpthread-2.27.so
7f912ecd4000-7f912eed3000 ---p 0001a000 08:01 15209627                   /lib/x86_64-linux-gnu/libpthread-2.27.so
7f912eed3000-7f912eed4000 r--p 00019000 08:01 15209627                   /lib/x86_64-linux-gnu/libpthread-2.27.so
7f912eed4000-7f912eed5000 rw-p 0001a000 08:01 15209627                   /lib/x86_64-linux-gnu/libpthread-2.27.so
7f912eed5000-7f912eed9000 rw-p 00000000 00:00 0 
7f912eed9000-7f912eedc000 r-xp 00000000 08:01 15209514                   /lib/x86_64-linux-gnu/libdl-2.27.so
7f912eedc000-7f912f0db000 ---p 00003000 08:01 15209514                   /lib/x86_64-linux-gnu/libdl-2.27.so
7f912f0db000-7f912f0dc000 r--p 00002000 08:01 15209514                   /lib/x86_64-linux-gnu/libdl-2.27.so
7f912f0dc000-7f912f0dd000 rw-p 00003000 08:01 15209514                   /lib/x86_64-linux-gnu/libdl-2.27.so
7f912f0dd000-7f912f0f9000 r-xp 00000000 08:01 15209669                   /lib/x86_64-linux-gnu/libz.so.1.2.11
7f912f0f9000-7f912f2f8000 ---p 0001c000 08:01 15209669                   /lib/x86_64-linux-gnu/libz.so.1.2.11
7f912f2f8000-7f912f2f9000 r--p 0001b000 08:01 15209669                   /lib/x86_64-linux-gnu/libz.so.1.2.11
7f912f2f9000-7f912f2fa000 rw-p 0001c000 08:01 15209669                   /lib/x86_64-linux-gnu/libz.so.1.2.11
7f912f2fa000-7f912f4e1000 r-xp 00000000 08:01 15209491                   /lib/x86_64-linux-gnu/libc-2.27.so
7f912f4e1000-7f912f6e1000 ---p 001e7000 08:01 15209491                   /lib/x86_64-linux-gnu/libc-2.27.so
7f912f6e1000-7f912f6e5000 r--p 001e7000 08:01 15209491                   /lib/x86_64-linux-gnu/libc-2.27.so
7f912f6e5000-7f912f6e7000 rw-p 001eb000 08:01 15209491                   /lib/x86_64-linux-gnu/libc-2.27.so
7f912f6e7000-7f912f6eb000 rw-p 00000000 00:00 0 
7f912f6eb000-7f912f6fb000 r-xp 00000000 08:01 13638238                   /usr/lib/jvm/java-11-openjdk-amd64/lib/jli/libjli.so
7f912f6fb000-7f912f8fa000 ---p 00010000 08:01 13638238                   /usr/lib/jvm/java-11-openjdk-amd64/lib/jli/libjli.so
7f912f8fa000-7f912f8fb000 r--p 0000f000 08:01 13638238                   /usr/lib/jvm/java-11-openjdk-amd64/lib/jli/libjli.so
7f912f8fb000-7f912f8fc000 rw-p 00010000 08:01 13638238                   /usr/lib/jvm/java-11-openjdk-amd64/lib/jli/libjli.so
7f912f8fc000-7f912f923000 r-xp 00000000 08:01 15209463                   /lib/x86_64-linux-gnu/ld-2.27.so
7f912f929000-7f912f9c6000 rw-p 00000000 00:00 0 
7f912f9c6000-7f912f9fb000 r--s 00000000 08:01 18618318                   /var/cache/nscd/passwd
7f912f9fb000-7f912f9ff000 ---p 00000000 00:00 0 
7f912f9ff000-7f912fafe000 rw-p 00000000 00:00 0 
7f912fb02000-7f912fb09000 r--s 00000000 08:01 14157180                   /usr/lib/x86_64-linux-gnu/gconv/gconv-modules.cache
7f912fb09000-7f912fb0e000 rw-p 00000000 00:00 0 
7f912fb0e000-7f912fb15000 ---p 00000000 00:00 0 
7f912fb15000-7f912fb17000 r--s 00007000 08:01 14421147                   /usr/share/java/java-atk-wrapper.jar
7f912fb17000-7f912fb1f000 rw-s 00000000 08:01 917574                     /tmp/hsperfdata_julcue/22793
7f912fb1f000-7f912fb20000 ---p 00000000 00:00 0 
7f912fb20000-7f912fb21000 r--p 00000000 00:00 0 
7f912fb21000-7f912fb23000 rw-p 00000000 00:00 0 
7f912fb23000-7f912fb24000 r--p 00027000 08:01 15209463                   /lib/x86_64-linux-gnu/ld-2.27.so
7f912fb24000-7f912fb25000 rw-p 00028000 08:01 15209463                   /lib/x86_64-linux-gnu/ld-2.27.so
7f912fb25000-7f912fb26000 rw-p 00000000 00:00 0 
7ffefabc6000-7ffefabe7000 rw-p 00000000 00:00 0                          [stack]
7ffefabf9000-7ffefabfc000 r--p 00000000 00:00 0                          [vvar]
7ffefabfc000-7ffefabfd000 r-xp 00000000 00:00 0                          [vdso]
ffffffffff600000-ffffffffff601000 --xp 00000000 00:00 0                  [vsyscall]


VM Arguments:
jvm_args: -agentlib:jdwp=transport=dt_socket,suspend=y,address=localhost:44471 -javaagent:/home/julcue/.eclipse/360744286_linux_gtk_x86_64/configuration/org.eclipse.osgi/222/0/.cp/lib/javaagent-shaded.jar -Dfile.encoding=UTF-8 
java_command: ejerciciosUD3.Notas
java_class_path (initial): /home/julcue/Documentos/Java/UD3/bin
Launcher Type: SUN_STANDARD

[Global flags]
     intx CICompilerCount                          = 2                                         {product} {ergonomic}
     uint ConcGCThreads                            = 1                                         {product} {ergonomic}
     uint G1ConcRefinementThreads                  = 2                                         {product} {ergonomic}
   size_t G1HeapRegionSize                         = 1048576                                   {product} {ergonomic}
    uintx GCDrainStackTargetSize                   = 64                                        {product} {ergonomic}
   size_t InitialHeapSize                          = 130023424                                 {product} {ergonomic}
   size_t MarkStackSize                            = 4194304                                   {product} {ergonomic}
   size_t MaxHeapSize                              = 2059403264                                {product} {ergonomic}
   size_t MaxNewSize                               = 1235222528                                {product} {ergonomic}
   size_t MinHeapDeltaBytes                        = 1048576                                   {product} {ergonomic}
    uintx NonNMethodCodeHeapSize                   = 5825164                                {pd product} {ergonomic}
    uintx NonProfiledCodeHeapSize                  = 122916538                              {pd product} {ergonomic}
    uintx ProfiledCodeHeapSize                     = 122916538                              {pd product} {ergonomic}
    uintx ReservedCodeCacheSize                    = 251658240                              {pd product} {ergonomic}
     bool SegmentedCodeCache                       = true                                      {product} {ergonomic}
     bool UseCompressedClassPointers               = true                                 {lp64_product} {ergonomic}
     bool UseCompressedOops                        = true                                 {lp64_product} {ergonomic}
     bool UseG1GC                                  = true                                      {product} {ergonomic}

Logging:
Log output configuration:
 #0: stdout all=warning uptime,level,tags
 #1: stderr all=off uptime,level,tags

Environment Variables:
PATH=/usr/local/sbin:/usr/local/bin:/usr/sbin:/usr/bin:/sbin:/bin:/usr/games:/usr/local/games:/snap/bin
USERNAME=julcue
SHELL=/bin/bash
DISPLAY=:0
LANG=es_ES.UTF-8

Signal Handlers:
SIGSEGV: [libjvm.so+0xdf9610], sa_mask[0]=11111111011111111101111111111110, sa_flags=SA_RESTART|SA_SIGINFO
SIGBUS: [libjvm.so+0xdf9610], sa_mask[0]=11111111011111111101111111111110, sa_flags=SA_RESTART|SA_SIGINFO
SIGFPE: [libjvm.so+0xdf9610], sa_mask[0]=11111111011111111101111111111110, sa_flags=SA_RESTART|SA_SIGINFO
SIGPIPE: [libjvm.so+0xbcc360], sa_mask[0]=11111111011111111101111111111110, sa_flags=SA_RESTART|SA_SIGINFO
SIGXFSZ: [libjvm.so+0xbcc360], sa_mask[0]=11111111011111111101111111111110, sa_flags=SA_RESTART|SA_SIGINFO
SIGILL: [libjvm.so+0xdf9610], sa_mask[0]=11111111011111111101111111111110, sa_flags=SA_RESTART|SA_SIGINFO
SIGUSR2: [libjvm.so+0xbcc200], sa_mask[0]=00100000000000000000000000000000, sa_flags=SA_RESTART|SA_SIGINFO
SIGHUP: [libjvm.so+0xbcc560], sa_mask[0]=11111111011111111101111111111110, sa_flags=SA_RESTART|SA_SIGINFO
SIGINT: [libjvm.so+0xbcc560], sa_mask[0]=11111111011111111101111111111110, sa_flags=SA_RESTART|SA_SIGINFO
SIGTERM: [libjvm.so+0xbcc560], sa_mask[0]=11111111011111111101111111111110, sa_flags=SA_RESTART|SA_SIGINFO
SIGQUIT: [libjvm.so+0xbcc560], sa_mask[0]=11111111011111111101111111111110, sa_flags=SA_RESTART|SA_SIGINFO


---------------  S Y S T E M  ---------------

OS:DISTRIB_ID=neon
DISTRIB_RELEASE=18.04
DISTRIB_CODENAME=bionic
DISTRIB_DESCRIPTION="KDE neon User Edition 5.19"
uname:Linux 5.4.0-40-generic #44~18.04.1-Ubuntu SMP Wed Jun 24 23:13:08 UTC 2020 x86_64
OS uptime: 1 days 0:04 hours
libc:glibc 2.27 NPTL 2.27 
rlimit (soft/hard): STACK 8192k/infinity , CORE 0k/infinity , NPROC 31115/31115 , NOFILE 1048576/1048576 , AS infinity/infinity , CPU infinity/infinity , DATA infinity/infinity , FSIZE infinity/infinity , MEMLOCK 16384k/16384k
load average:1,03 1,02 0,89

/proc/meminfo:
MemTotal:        8038268 kB
MemFree:         1969408 kB
MemAvailable:    4530568 kB
Buffers:          395312 kB
Cached:          3167448 kB
SwapCached:            0 kB
Active:          3632092 kB
Inactive:        1222904 kB
Active(anon):    2103480 kB
Inactive(anon):   150116 kB
Active(file):    1528612 kB
Inactive(file):  1072788 kB
Unevictable:      787228 kB
Mlocked:              52 kB
SwapTotal:       4985852 kB
SwapFree:        4985852 kB
Dirty:               100 kB
Writeback:             0 kB
AnonPages:       2079612 kB
Mapped:           650008 kB
Shmem:            961364 kB
KReclaimable:     265012 kB
Slab:             323104 kB
SReclaimable:     265012 kB
SUnreclaim:        58092 kB
KernelStack:       15008 kB
PageTables:        47224 kB
NFS_Unstable:          0 kB
Bounce:                0 kB
WritebackTmp:          0 kB
CommitLimit:     9004984 kB
Committed_AS:    8227852 kB
VmallocTotal:   34359738367 kB
VmallocUsed:       27560 kB
VmallocChunk:          0 kB
Percpu:              672 kB
HardwareCorrupted:     0 kB
AnonHugePages:         0 kB
ShmemHugePages:        0 kB
ShmemPmdMapped:        0 kB
FileHugePages:         0 kB
FilePmdMapped:         0 kB
CmaTotal:              0 kB
CmaFree:               0 kB
HugePages_Total:       0
HugePages_Free:        0
HugePages_Rsvd:        0
HugePages_Surp:        0
Hugepagesize:       2048 kB
Hugetlb:               0 kB
DirectMap4k:      284264 kB
DirectMap2M:     6940672 kB
DirectMap1G:     1048576 kB

/sys/kernel/mm/transparent_hugepage/enabled:
always [madvise] never

/sys/kernel/mm/transparent_hugepage/defrag (defrag/compaction efforts parameter):
always defer defer+madvise [madvise] never


/proc/sys/kernel/threads-max (system-wide limit on the number of threads):
62231


/proc/sys/vm/max_map_count (maximum number of memory map areas a process may have):
65530


/proc/sys/kernel/pid_max (system-wide limit on number of process identifiers):
32768



container (cgroup) information:
container_type: cgroupv1
cpu_cpuset_cpus: 0-1
cpu_memory_nodes: 0
active_processor_count: 2
cpu_quota: -1
cpu_period: 100000
cpu_shares: -1
memory_limit_in_bytes: -1
memory_and_swap_limit_in_bytes: -2
memory_soft_limit_in_bytes: -1
memory_usage_in_bytes: 5777858560
memory_max_usage_in_bytes: 0

Steal ticks since vm start: 0
Steal ticks percentage since vm start:  0,000

CPU:total 2 (initial active 2) (2 cores per cpu, 1 threads per core) family 6 model 94 stepping 3, cmov, cx8, fxsr, mmx, sse, sse2, sse3, ssse3, sse4.1, sse4.2, popcnt, aes, clmul, erms, 3dnowpref, lzcnt, tsc, tscinvbit
CPU Model and flags from /proc/cpuinfo:
model name	: Intel(R) Pentium(R) CPU G4400 @ 3.30GHz
flags		: fpu vme de pse tsc msr pae mce cx8 apic sep mtrr pge mca cmov pat pse36 clflush dts acpi mmx fxsr sse sse2 ss ht tm pbe syscall nx pdpe1gb rdtscp lm constant_tsc art arch_perfmon pebs bts rep_good nopl xtopology nonstop_tsc cpuid aperfmperf pni pclmulqdq dtes64 monitor ds_cpl vmx est tm2 ssse3 sdbg cx16 xtpr pdcm pcid sse4_1 sse4_2 x2apic movbe popcnt tsc_deadline_timer aes xsave rdrand lahf_lm abm 3dnowprefetch cpuid_fault invpcid_single pti ssbd ibrs ibpb stibp tpr_shadow vnmi flexpriority ept vpid ept_ad fsgsbase tsc_adjust erms invpcid rdseed smap clflushopt intel_pt xsaveopt xsavec xgetbv1 xsaves dtherm arat pln pts hwp hwp_notify hwp_act_window hwp_epp md_clear flush_l1d

Memory: 4k page, physical 8038268k(1969408k free), swap 4985852k(4985852k free)

vm_info: OpenJDK 64-Bit Server VM (11.0.8+10-post-Ubuntu-0ubuntu118.04.1) for linux-amd64 JRE (11.0.8+10-post-Ubuntu-0ubuntu118.04.1), built on Jul 15 2020 20:45:24 by "unknown" with gcc 7.5.0

END.
