#
# A fatal error has been detected by the Java Runtime Environment:
#
#  SIGSEGV (0xb) at pc=0x00007f71457d8a51, pid=22864, tid=22875
#
# JRE version: OpenJDK Runtime Environment (11.0.8+10) (build 11.0.8+10-post-Ubuntu-0ubuntu118.04.1)
# Java VM: OpenJDK 64-Bit Server VM (11.0.8+10-post-Ubuntu-0ubuntu118.04.1, mixed mode, sharing, tiered, compressed oops, g1 gc, linux-amd64)
# Problematic frame:
# V  [libjvm.so+0x9c6a51]
#
# No core dump will be written. Core dumps have been disabled. To enable core dumping, try "ulimit -c unlimited" before starting Java again
#
# If you would like to submit a bug report, please visit:
#   https://bugs.launchpad.net/ubuntu/+source/openjdk-lts
#

---------------  S U M M A R Y ------------

Command Line: -agentlib:jdwp=transport=dt_socket,suspend=y,address=localhost:41447 -javaagent:/home/julcue/.eclipse/360744286_linux_gtk_x86_64/configuration/org.eclipse.osgi/222/0/.cp/lib/javaagent-shaded.jar -Dfile.encoding=UTF-8 ejerciciosUD3.Notas

Host: Intel(R) Pentium(R) CPU G4400 @ 3.30GHz, 2 cores, 7G, KDE neon User Edition 5.19
Time: Fri Oct 23 13:16:09 2020 CEST elapsed time: 28 seconds (0d 0h 0m 28s)

---------------  T H R E A D  ---------------

Current thread (0x00007f714016b000):  VMThread "VM Thread" [stack: 0x00007f712406a000,0x00007f712416a000] [id=22875] _threads_hazard_ptr=0x00007f714025b800

Stack: [0x00007f712406a000,0x00007f712416a000],  sp=0x00007f71241675f0,  free space=1013k
Native frames: (J=compiled Java code, A=aot compiled Java code, j=interpreted, Vv=VM code, C=native code)
V  [libjvm.so+0x9c6a51]
V  [libjvm.so+0x9c6ef5]
V  [libjvm.so+0xdfb1e8]
V  [libjvm.so+0xe01396]
V  [libjvm.so+0xe018a0]
V  [libjvm.so+0xe01d23]
V  [libjvm.so+0xd860bf]
V  [libjvm.so+0xbd632e]


siginfo: si_signo: 11 (SIGSEGV), si_code: 128 (SI_KERNEL), si_addr: 0x0000000000000000

Register to memory mapping:

RAX=0x0000ca71245b9ff8 is an unknown value
RBX=0x0 is NULL
RCX=0x00007f714016b000 points into unknown readable memory: 60 a4 1a 46 71 7f 00 00
RDX=0x0000000000000001 is an unknown value
RSP=0x00007f71241675f0 points into unknown readable memory: 10 76 16 24 71 7f 00 00
RBP=0x00007f7124168900 points into unknown readable memory: 60 89 16 24 71 7f 00 00
RSI=0x00007f714016b000 points into unknown readable memory: 60 a4 1a 46 71 7f 00 00
RDI=0x00007f71241675b0 points into unknown readable memory: a0 c9 07 47 71 7f 00 00
R8 ={method} {0x00007f71245ba040} 
[error occurred during error reporting (printing register info), id 0xb, SIGSEGV (0xb) at pc=0x00007f714595c080]

Registers:
RAX=0x0000ca71245b9ff8, RBX=0x0000000000000000, RCX=0x00007f714016b000, RDX=0x0000000000000001
RSP=0x00007f71241675f0, RBP=0x00007f7124168900, RSI=0x00007f714016b000, RDI=0x00007f71241675b0
R8 =0x00007f71245ba040, R9 =0x00007f70f8156ab8, R10=0x0000000000001210, R11=0x00007f71241688a0
R12=0x00007f70e8006e50, R13=0x00007f7124167650, R14=0x00007f714016b860, R15=0x00007f70f8155880
RIP=0x00007f71457d8a51, EFLAGS=0x0000000000010202, CSGSFS=0x002b000000000033, ERR=0x0000000000000000
  TRAPNO=0x000000000000000d

Top of Stack: (sp=0x00007f71241675f0)
0x00007f71241675f0:   00007f7124167610 00007f7145b9e0b6
0x00007f7124167600:   00007f7124167660 00007f714016b860
0x00007f7124167610:   00000000000003d8 00007f7140150668
0x00007f7124167620:   00007f7140150290 00007f7124167660 

Instructions: (pc=0x00007f71457d8a51)
0x00007f71457d8951:   ff ff 4c 89 8d 38 ed ff ff 48 85 c0 0f 84 9d 02
0x00007f71457d8961:   00 00 4c 8d bd a0 ed ff ff ba 01 00 00 00 49 89
0x00007f71457d8971:   f5 4d 89 c4 4c 89 ff e8 53 cb d4 ff 66 48 8d 3d
0x00007f71457d8981:   3b 36 9d 00 66 66 48 e8 f3 60 8a ff 4c 89 fe 4c
0x00007f71457d8991:   89 ef 48 8b 08 4c 8b b1 70 02 00 00 48 89 8d 48
0x00007f71457d89a1:   ed ff ff 49 8b 46 10 48 89 85 30 ed ff ff 49 8b
0x00007f71457d89b1:   46 18 48 89 85 20 ed ff ff 49 8b 46 20 48 89 85
0x00007f71457d89c1:   18 ed ff ff 49 8b 46 28 48 89 85 10 ed ff ff e8
0x00007f71457d89d1:   cb c4 3b 00 48 8b 8d 48 ed ff ff 48 8d bd 60 ed
0x00007f71457d89e1:   ff ff 49 89 c7 48 89 bd 28 ed ff ff 48 89 ce e8
0x00007f71457d89f1:   fb 13 e1 ff 83 fb 00 0f 85 7a 01 00 00 4d 85 ff
0x00007f71457d8a01:   0f 94 c0 8b 95 44 ed ff ff 85 d2 0f 8e de 03 00
0x00007f71457d8a11:   00 84 c0 0f 85 d6 03 00 00 4c 8d ad 50 ed ff ff
0x00007f71457d8a21:   31 db 4c 89 b5 08 ed ff ff 66 0f 1f 44 00 00 49
0x00007f71457d8a31:   8b 07 4c 89 ff ff 50 38 49 89 c0 48 8b 40 08 4d
0x00007f71457d8a41:   85 c0 4c 89 85 50 ed ff ff 4c 89 85 48 ed ff ff
0x00007f71457d8a51:   48 8b 40 08 48 c7 85 58 ed ff ff 00 00 00 00 4c
0x00007f71457d8a61:   8b 70 18 74 41 66 48 8d 3d 52 35 9d 00 66 66 48
0x00007f71457d8a71:   e8 0a 60 8a ff 4c 8b 85 48 ed ff ff 48 8b 00 48
0x00007f71457d8a81:   8b 90 80 02 00 00 48 89 85 58 ed ff ff 48 63 0a
0x00007f71457d8a91:   3b 4a 04 0f 84 7e 01 00 00 48 8b 42 18 8d 71 01
0x00007f71457d8aa1:   89 32 4c 89 04 c8 4c 89 ee 4c 89 f7 e8 5e e5 e5
0x00007f71457d8ab1:   ff 4c 89 ef 49 89 c6 e8 83 0d e1 ff 4d 89 34 24
0x00007f71457d8ac1:   49 8b 07 4c 89 ff ff 50 38 f6 40 21 01 0f 84 ec
0x00007f71457d8ad1:   00 00 00 49 c7 44 24 08 ff ff ff ff 4c 89 ff 83
0x00007f71457d8ae1:   c3 01 e8 08 a0 41 00 49 83 c4 10 39 9d 44 ed ff
0x00007f71457d8af1:   ff 49 89 c7 7e 09 48 85 c0 0f 85 30 ff ff ff 4c
0x00007f71457d8b01:   8b b5 08 ed ff ff 48 8b bd 28 ed ff ff e8 2d 13
0x00007f71457d8b11:   e1 ff 4c 8b bd 30 ed ff ff 49 83 3f 00 74 17 48
0x00007f71457d8b21:   8b b5 10 ed ff ff 4c 89 f7 e8 91 bf a0 ff 4c 89
0x00007f71457d8b31:   ff e8 39 b0 a0 ff 48 8b 85 30 ed ff ff 49 89 46
0x00007f71457d8b41:   10 48 8b 85 20 ed ff ff 49 89 46 18 48 8b 85 18 


Stack slot to memory mapping:
stack at sp + 0 slots: 0x00007f7124167610 points into unknown readable memory: d8 03 00 00 00 00 00 00
stack at sp + 1 slots: 0x00007f7145b9e0b6: <offset 0x0000000000d8c0b6> in /usr/lib/jvm/java-11-openjdk-amd64/lib/server/libjvm.so at 0x00007f7144e12000
stack at sp + 2 slots: 0x00007f7124167660 points into unknown readable memory: 00 b0 16 40 71 7f 00 00
stack at sp + 3 slots: 0x00007f714016b860 points into unknown readable memory: 02 00 00 00 00 00 00 00
stack at sp + 4 slots: 0x00000000000003d8 is an unknown value
stack at sp + 5 slots: 0x00007f7140150668 points into unknown readable memory: 05 01 00 00 00 00 00 00
stack at sp + 6 slots: 0x00007f7140150290 points into unknown readable memory: 48 eb 19 46 71 7f 00 00
stack at sp + 7 slots: 0x00007f7124167660 points into unknown readable memory: 00 b0 16 40 71 7f 00 00

VM_Operation (0x00007f7106f56960): GetStackTrace, mode: safepoint, requested by thread 0x00007f71401cb800


---------------  P R O C E S S  ---------------

Threads class SMR info:
_java_thread_list=0x00007f714025b800, length=12, elements={
0x00007f7140016800, 0x00007f714016e000, 0x00007f7140170000, 0x00007f7140175800,
0x00007f7140177800, 0x00007f714017a000, 0x00007f714017c000, 0x00007f714018a000,
0x00007f71401cb800, 0x00007f71401cf000, 0x00007f70e8001800, 0x00007f714025c800
}

Java Threads: ( => current thread )
  0x00007f7140016800 JavaThread "main" [_thread_blocked, id=22866, stack(0x00007f7146f7d000,0x00007f714707e000)]
  0x00007f714016e000 JavaThread "Reference Handler" daemon [_thread_blocked, id=22878, stack(0x00007f711c04f000,0x00007f711c150000)]
  0x00007f7140170000 JavaThread "Finalizer" daemon [_thread_blocked, id=22879, stack(0x00007f7107eff000,0x00007f7108000000)]
  0x00007f7140175800 JavaThread "Signal Dispatcher" daemon [_thread_blocked, id=22882, stack(0x00007f7107774000,0x00007f7107875000)]
  0x00007f7140177800 JavaThread "C2 CompilerThread0" daemon [_thread_blocked, id=22883, stack(0x00007f7107673000,0x00007f7107774000)]
  0x00007f714017a000 JavaThread "C1 CompilerThread0" daemon [_thread_blocked, id=22884, stack(0x00007f7107572000,0x00007f7107673000)]
  0x00007f714017c000 JavaThread "Sweeper thread" daemon [_thread_blocked, id=22885, stack(0x00007f7107471000,0x00007f7107572000)]
  0x00007f714018a000 JavaThread "Common-Cleaner" daemon [_thread_blocked, id=22889, stack(0x00007f7107370000,0x00007f7107471000)]
  0x00007f71401cb800 JavaThread "JDWP Transport Listener: dt_socket" daemon [_thread_blocked, id=22893, stack(0x00007f7106e57000,0x00007f7106f58000)] _threads_hazard_ptr=0x00007f714025b800
  0x00007f71401cf000 JavaThread "JDWP Event Helper Thread" daemon [_thread_blocked, id=22896, stack(0x00007f7106d56000,0x00007f7106e57000)]
  0x00007f70e8001800 JavaThread "JDWP Command Reader" daemon [_thread_in_native, id=22897, stack(0x00007f7106c55000,0x00007f7106d56000)]
  0x00007f714025c800 JavaThread "Service Thread" daemon [_thread_blocked, id=22913, stack(0x00007f710672c000,0x00007f710682d000)]

Other Threads:
=>0x00007f714016b000 VMThread "VM Thread" [stack: 0x00007f712406a000,0x00007f712416a000] [id=22875]
  0x00007f714025f000 WatcherThread [stack: 0x00007f710662c000,0x00007f710672c000] [id=22914]
  0x00007f714002e800 GCTaskThread "GC Thread#0" [stack: 0x00007f7127baa000,0x00007f7127caa000] [id=22868]
  0x00007f714005f800 ConcurrentGCThread "G1 Main Marker" [stack: 0x00007f7124e74000,0x00007f7124f74000] [id=22869]
  0x00007f7140061800 ConcurrentGCThread "G1 Conc#0" [stack: 0x00007f7124d72000,0x00007f7124e72000] [id=22870]
  0x00007f71400d1800 ConcurrentGCThread "G1 Refine#0" [stack: 0x00007f7124a6e000,0x00007f7124b6e000] [id=22871]
  0x00007f71400d3000 ConcurrentGCThread "G1 Young RemSet Sampling" [stack: 0x00007f712496c000,0x00007f7124a6c000] [id=22872]

Threads with active compile tasks:

VM state:at safepoint (normal execution)

VM Mutex/Monitor currently owned by a thread:  ([mutex/lock_event])
[0x00007f71400148a0] Threads_lock - owner thread: 0x00007f714016b000

Heap address: 0x0000000085400000, size: 1964 MB, Compressed Oops mode: 32-bit
Narrow klass base: 0x0000000800000000, Narrow klass shift: 3
Compressed class space size: 1073741824 Address: 0x0000000840000000

Heap:
 garbage-first heap   total 129024K, used 2756K [0x0000000085400000, 0x0000000100000000)
  region size 1024K, 4 young (4096K), 0 survivors (0K)
 Metaspace       used 2659K, capacity 4843K, committed 5120K, reserved 1056768K
  class space    used 245K, capacity 442K, committed 512K, reserved 1048576K
Heap Regions: E=young(eden), S=young(survivor), O=old, HS=humongous(starts), HC=humongous(continues), CS=collection set, F=free, A=archive, TAMS=top-at-mark-start (previous, next)
|   0|0x0000000085400000, 0x0000000085400000, 0x0000000085500000|  0%| F|  |TAMS 0x0000000085400000, 0x0000000085400000| Untracked 
|   1|0x0000000085500000, 0x0000000085500000, 0x0000000085600000|  0%| F|  |TAMS 0x0000000085500000, 0x0000000085500000| Untracked 
|   2|0x0000000085600000, 0x0000000085600000, 0x0000000085700000|  0%| F|  |TAMS 0x0000000085600000, 0x0000000085600000| Untracked 
|   3|0x0000000085700000, 0x0000000085700000, 0x0000000085800000|  0%| F|  |TAMS 0x0000000085700000, 0x0000000085700000| Untracked 
|   4|0x0000000085800000, 0x0000000085800000, 0x0000000085900000|  0%| F|  |TAMS 0x0000000085800000, 0x0000000085800000| Untracked 
|   5|0x0000000085900000, 0x0000000085900000, 0x0000000085a00000|  0%| F|  |TAMS 0x0000000085900000, 0x0000000085900000| Untracked 
|   6|0x0000000085a00000, 0x0000000085a00000, 0x0000000085b00000|  0%| F|  |TAMS 0x0000000085a00000, 0x0000000085a00000| Untracked 
|   7|0x0000000085b00000, 0x0000000085b00000, 0x0000000085c00000|  0%| F|  |TAMS 0x0000000085b00000, 0x0000000085b00000| Untracked 
|   8|0x0000000085c00000, 0x0000000085c00000, 0x0000000085d00000|  0%| F|  |TAMS 0x0000000085c00000, 0x0000000085c00000| Untracked 
|   9|0x0000000085d00000, 0x0000000085d00000, 0x0000000085e00000|  0%| F|  |TAMS 0x0000000085d00000, 0x0000000085d00000| Untracked 
|  10|0x0000000085e00000, 0x0000000085e00000, 0x0000000085f00000|  0%| F|  |TAMS 0x0000000085e00000, 0x0000000085e00000| Untracked 
|  11|0x0000000085f00000, 0x0000000085f00000, 0x0000000086000000|  0%| F|  |TAMS 0x0000000085f00000, 0x0000000085f00000| Untracked 
|  12|0x0000000086000000, 0x0000000086000000, 0x0000000086100000|  0%| F|  |TAMS 0x0000000086000000, 0x0000000086000000| Untracked 
|  13|0x0000000086100000, 0x0000000086100000, 0x0000000086200000|  0%| F|  |TAMS 0x0000000086100000, 0x0000000086100000| Untracked 
|  14|0x0000000086200000, 0x0000000086200000, 0x0000000086300000|  0%| F|  |TAMS 0x0000000086200000, 0x0000000086200000| Untracked 
|  15|0x0000000086300000, 0x0000000086300000, 0x0000000086400000|  0%| F|  |TAMS 0x0000000086300000, 0x0000000086300000| Untracked 
|  16|0x0000000086400000, 0x0000000086400000, 0x0000000086500000|  0%| F|  |TAMS 0x0000000086400000, 0x0000000086400000| Untracked 
|  17|0x0000000086500000, 0x0000000086500000, 0x0000000086600000|  0%| F|  |TAMS 0x0000000086500000, 0x0000000086500000| Untracked 
|  18|0x0000000086600000, 0x0000000086600000, 0x0000000086700000|  0%| F|  |TAMS 0x0000000086600000, 0x0000000086600000| Untracked 
|  19|0x0000000086700000, 0x0000000086700000, 0x0000000086800000|  0%| F|  |TAMS 0x0000000086700000, 0x0000000086700000| Untracked 
|  20|0x0000000086800000, 0x0000000086800000, 0x0000000086900000|  0%| F|  |TAMS 0x0000000086800000, 0x0000000086800000| Untracked 
|  21|0x0000000086900000, 0x0000000086900000, 0x0000000086a00000|  0%| F|  |TAMS 0x0000000086900000, 0x0000000086900000| Untracked 
|  22|0x0000000086a00000, 0x0000000086a00000, 0x0000000086b00000|  0%| F|  |TAMS 0x0000000086a00000, 0x0000000086a00000| Untracked 
|  23|0x0000000086b00000, 0x0000000086b00000, 0x0000000086c00000|  0%| F|  |TAMS 0x0000000086b00000, 0x0000000086b00000| Untracked 
|  24|0x0000000086c00000, 0x0000000086c00000, 0x0000000086d00000|  0%| F|  |TAMS 0x0000000086c00000, 0x0000000086c00000| Untracked 
|  25|0x0000000086d00000, 0x0000000086d00000, 0x0000000086e00000|  0%| F|  |TAMS 0x0000000086d00000, 0x0000000086d00000| Untracked 
|  26|0x0000000086e00000, 0x0000000086e00000, 0x0000000086f00000|  0%| F|  |TAMS 0x0000000086e00000, 0x0000000086e00000| Untracked 
|  27|0x0000000086f00000, 0x0000000086f00000, 0x0000000087000000|  0%| F|  |TAMS 0x0000000086f00000, 0x0000000086f00000| Untracked 
|  28|0x0000000087000000, 0x0000000087000000, 0x0000000087100000|  0%| F|  |TAMS 0x0000000087000000, 0x0000000087000000| Untracked 
|  29|0x0000000087100000, 0x0000000087100000, 0x0000000087200000|  0%| F|  |TAMS 0x0000000087100000, 0x0000000087100000| Untracked 
|  30|0x0000000087200000, 0x0000000087200000, 0x0000000087300000|  0%| F|  |TAMS 0x0000000087200000, 0x0000000087200000| Untracked 
|  31|0x0000000087300000, 0x0000000087300000, 0x0000000087400000|  0%| F|  |TAMS 0x0000000087300000, 0x0000000087300000| Untracked 
|  32|0x0000000087400000, 0x0000000087400000, 0x0000000087500000|  0%| F|  |TAMS 0x0000000087400000, 0x0000000087400000| Untracked 
|  33|0x0000000087500000, 0x0000000087500000, 0x0000000087600000|  0%| F|  |TAMS 0x0000000087500000, 0x0000000087500000| Untracked 
|  34|0x0000000087600000, 0x0000000087600000, 0x0000000087700000|  0%| F|  |TAMS 0x0000000087600000, 0x0000000087600000| Untracked 
|  35|0x0000000087700000, 0x0000000087700000, 0x0000000087800000|  0%| F|  |TAMS 0x0000000087700000, 0x0000000087700000| Untracked 
|  36|0x0000000087800000, 0x0000000087800000, 0x0000000087900000|  0%| F|  |TAMS 0x0000000087800000, 0x0000000087800000| Untracked 
|  37|0x0000000087900000, 0x0000000087900000, 0x0000000087a00000|  0%| F|  |TAMS 0x0000000087900000, 0x0000000087900000| Untracked 
|  38|0x0000000087a00000, 0x0000000087a00000, 0x0000000087b00000|  0%| F|  |TAMS 0x0000000087a00000, 0x0000000087a00000| Untracked 
|  39|0x0000000087b00000, 0x0000000087b00000, 0x0000000087c00000|  0%| F|  |TAMS 0x0000000087b00000, 0x0000000087b00000| Untracked 
|  40|0x0000000087c00000, 0x0000000087c00000, 0x0000000087d00000|  0%| F|  |TAMS 0x0000000087c00000, 0x0000000087c00000| Untracked 
|  41|0x0000000087d00000, 0x0000000087d00000, 0x0000000087e00000|  0%| F|  |TAMS 0x0000000087d00000, 0x0000000087d00000| Untracked 
|  42|0x0000000087e00000, 0x0000000087e00000, 0x0000000087f00000|  0%| F|  |TAMS 0x0000000087e00000, 0x0000000087e00000| Untracked 
|  43|0x0000000087f00000, 0x0000000087f00000, 0x0000000088000000|  0%| F|  |TAMS 0x0000000087f00000, 0x0000000087f00000| Untracked 
|  44|0x0000000088000000, 0x0000000088000000, 0x0000000088100000|  0%| F|  |TAMS 0x0000000088000000, 0x0000000088000000| Untracked 
|  45|0x0000000088100000, 0x0000000088100000, 0x0000000088200000|  0%| F|  |TAMS 0x0000000088100000, 0x0000000088100000| Untracked 
|  46|0x0000000088200000, 0x0000000088200000, 0x0000000088300000|  0%| F|  |TAMS 0x0000000088200000, 0x0000000088200000| Untracked 
|  47|0x0000000088300000, 0x0000000088300000, 0x0000000088400000|  0%| F|  |TAMS 0x0000000088300000, 0x0000000088300000| Untracked 
|  48|0x0000000088400000, 0x0000000088400000, 0x0000000088500000|  0%| F|  |TAMS 0x0000000088400000, 0x0000000088400000| Untracked 
|  49|0x0000000088500000, 0x0000000088500000, 0x0000000088600000|  0%| F|  |TAMS 0x0000000088500000, 0x0000000088500000| Untracked 
|  50|0x0000000088600000, 0x0000000088600000, 0x0000000088700000|  0%| F|  |TAMS 0x0000000088600000, 0x0000000088600000| Untracked 
|  51|0x0000000088700000, 0x0000000088700000, 0x0000000088800000|  0%| F|  |TAMS 0x0000000088700000, 0x0000000088700000| Untracked 
|  52|0x0000000088800000, 0x0000000088800000, 0x0000000088900000|  0%| F|  |TAMS 0x0000000088800000, 0x0000000088800000| Untracked 
|  53|0x0000000088900000, 0x0000000088900000, 0x0000000088a00000|  0%| F|  |TAMS 0x0000000088900000, 0x0000000088900000| Untracked 
|  54|0x0000000088a00000, 0x0000000088a00000, 0x0000000088b00000|  0%| F|  |TAMS 0x0000000088a00000, 0x0000000088a00000| Untracked 
|  55|0x0000000088b00000, 0x0000000088b00000, 0x0000000088c00000|  0%| F|  |TAMS 0x0000000088b00000, 0x0000000088b00000| Untracked 
|  56|0x0000000088c00000, 0x0000000088c00000, 0x0000000088d00000|  0%| F|  |TAMS 0x0000000088c00000, 0x0000000088c00000| Untracked 
|  57|0x0000000088d00000, 0x0000000088d00000, 0x0000000088e00000|  0%| F|  |TAMS 0x0000000088d00000, 0x0000000088d00000| Untracked 
|  58|0x0000000088e00000, 0x0000000088e00000, 0x0000000088f00000|  0%| F|  |TAMS 0x0000000088e00000, 0x0000000088e00000| Untracked 
|  59|0x0000000088f00000, 0x0000000088f00000, 0x0000000089000000|  0%| F|  |TAMS 0x0000000088f00000, 0x0000000088f00000| Untracked 
|  60|0x0000000089000000, 0x0000000089000000, 0x0000000089100000|  0%| F|  |TAMS 0x0000000089000000, 0x0000000089000000| Untracked 
|  61|0x0000000089100000, 0x0000000089100000, 0x0000000089200000|  0%| F|  |TAMS 0x0000000089100000, 0x0000000089100000| Untracked 
|  62|0x0000000089200000, 0x0000000089200000, 0x0000000089300000|  0%| F|  |TAMS 0x0000000089200000, 0x0000000089200000| Untracked 
|  63|0x0000000089300000, 0x0000000089300000, 0x0000000089400000|  0%| F|  |TAMS 0x0000000089300000, 0x0000000089300000| Untracked 
|  64|0x0000000089400000, 0x0000000089400000, 0x0000000089500000|  0%| F|  |TAMS 0x0000000089400000, 0x0000000089400000| Untracked 
|  65|0x0000000089500000, 0x0000000089500000, 0x0000000089600000|  0%| F|  |TAMS 0x0000000089500000, 0x0000000089500000| Untracked 
|  66|0x0000000089600000, 0x0000000089600000, 0x0000000089700000|  0%| F|  |TAMS 0x0000000089600000, 0x0000000089600000| Untracked 
|  67|0x0000000089700000, 0x0000000089700000, 0x0000000089800000|  0%| F|  |TAMS 0x0000000089700000, 0x0000000089700000| Untracked 
|  68|0x0000000089800000, 0x0000000089800000, 0x0000000089900000|  0%| F|  |TAMS 0x0000000089800000, 0x0000000089800000| Untracked 
|  69|0x0000000089900000, 0x0000000089900000, 0x0000000089a00000|  0%| F|  |TAMS 0x0000000089900000, 0x0000000089900000| Untracked 
|  70|0x0000000089a00000, 0x0000000089a00000, 0x0000000089b00000|  0%| F|  |TAMS 0x0000000089a00000, 0x0000000089a00000| Untracked 
|  71|0x0000000089b00000, 0x0000000089b00000, 0x0000000089c00000|  0%| F|  |TAMS 0x0000000089b00000, 0x0000000089b00000| Untracked 
|  72|0x0000000089c00000, 0x0000000089c00000, 0x0000000089d00000|  0%| F|  |TAMS 0x0000000089c00000, 0x0000000089c00000| Untracked 
|  73|0x0000000089d00000, 0x0000000089d00000, 0x0000000089e00000|  0%| F|  |TAMS 0x0000000089d00000, 0x0000000089d00000| Untracked 
|  74|0x0000000089e00000, 0x0000000089e00000, 0x0000000089f00000|  0%| F|  |TAMS 0x0000000089e00000, 0x0000000089e00000| Untracked 
|  75|0x0000000089f00000, 0x0000000089f00000, 0x000000008a000000|  0%| F|  |TAMS 0x0000000089f00000, 0x0000000089f00000| Untracked 
|  76|0x000000008a000000, 0x000000008a000000, 0x000000008a100000|  0%| F|  |TAMS 0x000000008a000000, 0x000000008a000000| Untracked 
|  77|0x000000008a100000, 0x000000008a100000, 0x000000008a200000|  0%| F|  |TAMS 0x000000008a100000, 0x000000008a100000| Untracked 
|  78|0x000000008a200000, 0x000000008a200000, 0x000000008a300000|  0%| F|  |TAMS 0x000000008a200000, 0x000000008a200000| Untracked 
|  79|0x000000008a300000, 0x000000008a300000, 0x000000008a400000|  0%| F|  |TAMS 0x000000008a300000, 0x000000008a300000| Untracked 
|  80|0x000000008a400000, 0x000000008a400000, 0x000000008a500000|  0%| F|  |TAMS 0x000000008a400000, 0x000000008a400000| Untracked 
|  81|0x000000008a500000, 0x000000008a500000, 0x000000008a600000|  0%| F|  |TAMS 0x000000008a500000, 0x000000008a500000| Untracked 
|  82|0x000000008a600000, 0x000000008a600000, 0x000000008a700000|  0%| F|  |TAMS 0x000000008a600000, 0x000000008a600000| Untracked 
|  83|0x000000008a700000, 0x000000008a700000, 0x000000008a800000|  0%| F|  |TAMS 0x000000008a700000, 0x000000008a700000| Untracked 
|  84|0x000000008a800000, 0x000000008a800000, 0x000000008a900000|  0%| F|  |TAMS 0x000000008a800000, 0x000000008a800000| Untracked 
|  85|0x000000008a900000, 0x000000008a900000, 0x000000008aa00000|  0%| F|  |TAMS 0x000000008a900000, 0x000000008a900000| Untracked 
|  86|0x000000008aa00000, 0x000000008aa00000, 0x000000008ab00000|  0%| F|  |TAMS 0x000000008aa00000, 0x000000008aa00000| Untracked 
|  87|0x000000008ab00000, 0x000000008ab00000, 0x000000008ac00000|  0%| F|  |TAMS 0x000000008ab00000, 0x000000008ab00000| Untracked 
|  88|0x000000008ac00000, 0x000000008ac00000, 0x000000008ad00000|  0%| F|  |TAMS 0x000000008ac00000, 0x000000008ac00000| Untracked 
|  89|0x000000008ad00000, 0x000000008ad00000, 0x000000008ae00000|  0%| F|  |TAMS 0x000000008ad00000, 0x000000008ad00000| Untracked 
|  90|0x000000008ae00000, 0x000000008ae00000, 0x000000008af00000|  0%| F|  |TAMS 0x000000008ae00000, 0x000000008ae00000| Untracked 
|  91|0x000000008af00000, 0x000000008af00000, 0x000000008b000000|  0%| F|  |TAMS 0x000000008af00000, 0x000000008af00000| Untracked 
|  92|0x000000008b000000, 0x000000008b000000, 0x000000008b100000|  0%| F|  |TAMS 0x000000008b000000, 0x000000008b000000| Untracked 
|  93|0x000000008b100000, 0x000000008b100000, 0x000000008b200000|  0%| F|  |TAMS 0x000000008b100000, 0x000000008b100000| Untracked 
|  94|0x000000008b200000, 0x000000008b200000, 0x000000008b300000|  0%| F|  |TAMS 0x000000008b200000, 0x000000008b200000| Untracked 
|  95|0x000000008b300000, 0x000000008b300000, 0x000000008b400000|  0%| F|  |TAMS 0x000000008b300000, 0x000000008b300000| Untracked 
|  96|0x000000008b400000, 0x000000008b400000, 0x000000008b500000|  0%| F|  |TAMS 0x000000008b400000, 0x000000008b400000| Untracked 
|  97|0x000000008b500000, 0x000000008b500000, 0x000000008b600000|  0%| F|  |TAMS 0x000000008b500000, 0x000000008b500000| Untracked 
|  98|0x000000008b600000, 0x000000008b600000, 0x000000008b700000|  0%| F|  |TAMS 0x000000008b600000, 0x000000008b600000| Untracked 
|  99|0x000000008b700000, 0x000000008b700000, 0x000000008b800000|  0%| F|  |TAMS 0x000000008b700000, 0x000000008b700000| Untracked 
| 100|0x000000008b800000, 0x000000008b800000, 0x000000008b900000|  0%| F|  |TAMS 0x000000008b800000, 0x000000008b800000| Untracked 
| 101|0x000000008b900000, 0x000000008b900000, 0x000000008ba00000|  0%| F|  |TAMS 0x000000008b900000, 0x000000008b900000| Untracked 
| 102|0x000000008ba00000, 0x000000008ba00000, 0x000000008bb00000|  0%| F|  |TAMS 0x000000008ba00000, 0x000000008ba00000| Untracked 
| 103|0x000000008bb00000, 0x000000008bb00000, 0x000000008bc00000|  0%| F|  |TAMS 0x000000008bb00000, 0x000000008bb00000| Untracked 
| 104|0x000000008bc00000, 0x000000008bc00000, 0x000000008bd00000|  0%| F|  |TAMS 0x000000008bc00000, 0x000000008bc00000| Untracked 
| 105|0x000000008bd00000, 0x000000008bd00000, 0x000000008be00000|  0%| F|  |TAMS 0x000000008bd00000, 0x000000008bd00000| Untracked 
| 106|0x000000008be00000, 0x000000008be00000, 0x000000008bf00000|  0%| F|  |TAMS 0x000000008be00000, 0x000000008be00000| Untracked 
| 107|0x000000008bf00000, 0x000000008bf00000, 0x000000008c000000|  0%| F|  |TAMS 0x000000008bf00000, 0x000000008bf00000| Untracked 
| 108|0x000000008c000000, 0x000000008c000000, 0x000000008c100000|  0%| F|  |TAMS 0x000000008c000000, 0x000000008c000000| Untracked 
| 109|0x000000008c100000, 0x000000008c100000, 0x000000008c200000|  0%| F|  |TAMS 0x000000008c100000, 0x000000008c100000| Untracked 
| 110|0x000000008c200000, 0x000000008c200000, 0x000000008c300000|  0%| F|  |TAMS 0x000000008c200000, 0x000000008c200000| Untracked 
| 111|0x000000008c300000, 0x000000008c300000, 0x000000008c400000|  0%| F|  |TAMS 0x000000008c300000, 0x000000008c300000| Untracked 
| 112|0x000000008c400000, 0x000000008c400000, 0x000000008c500000|  0%| F|  |TAMS 0x000000008c400000, 0x000000008c400000| Untracked 
| 113|0x000000008c500000, 0x000000008c500000, 0x000000008c600000|  0%| F|  |TAMS 0x000000008c500000, 0x000000008c500000| Untracked 
| 114|0x000000008c600000, 0x000000008c600000, 0x000000008c700000|  0%| F|  |TAMS 0x000000008c600000, 0x000000008c600000| Untracked 
| 115|0x000000008c700000, 0x000000008c700000, 0x000000008c800000|  0%| F|  |TAMS 0x000000008c700000, 0x000000008c700000| Untracked 
| 116|0x000000008c800000, 0x000000008c800000, 0x000000008c900000|  0%| F|  |TAMS 0x000000008c800000, 0x000000008c800000| Untracked 
| 117|0x000000008c900000, 0x000000008c900000, 0x000000008ca00000|  0%| F|  |TAMS 0x000000008c900000, 0x000000008c900000| Untracked 
| 118|0x000000008ca00000, 0x000000008ca00000, 0x000000008cb00000|  0%| F|  |TAMS 0x000000008ca00000, 0x000000008ca00000| Untracked 
| 119|0x000000008cb00000, 0x000000008cb00000, 0x000000008cc00000|  0%| F|  |TAMS 0x000000008cb00000, 0x000000008cb00000| Untracked 
| 120|0x000000008cc00000, 0x000000008ccb4e08, 0x000000008cd00000| 70%| E|  |TAMS 0x000000008cc00000, 0x000000008cc00000| Complete 
| 121|0x000000008cd00000, 0x000000008ce00000, 0x000000008ce00000|100%| E|  |TAMS 0x000000008cd00000, 0x000000008cd00000| Complete 
| 122|0x000000008ce00000, 0x000000008cf00000, 0x000000008cf00000|100%| E|CS|TAMS 0x000000008ce00000, 0x000000008ce00000| Complete 
| 123|0x000000008cf00000, 0x000000008d000000, 0x000000008d000000|100%| E|CS|TAMS 0x000000008cf00000, 0x000000008cf00000| Complete 
|1962|0x00000000ffe00000, 0x00000000ffe47000, 0x00000000fff00000| 27%|OA|  |TAMS 0x00000000ffe00000, 0x00000000ffe00000| Untracked 
|1963|0x00000000fff00000, 0x00000000fff6a000, 0x0000000100000000| 41%|CA|  |TAMS 0x00000000fff00000, 0x00000000fff00000| Untracked 

Card table byte_map: [0x00007f71271fa000,0x00007f71275d0000] _byte_map_base: 0x00007f7126dd0000

Marking Bits (Prev, Next): (CMBitMap*) 0x00007f7140057058, (CMBitMap*) 0x00007f7140057090
 Prev Bits: [0x00007f7124f74000, 0x00007f7126e24000)
 Next Bits: [0x00007f711e150000, 0x00007f7120000000)

Polling page: 0x00007f71470a1000

Metaspace:

Usage:
  Non-class:      4,30 MB capacity,     2,36 MB ( 55%) used,     1,94 MB ( 45%) free+waste,     2,62 KB ( <1%) overhead. 
      Class:    442,00 KB capacity,   245,62 KB ( 56%) used,   194,88 KB ( 44%) free+waste,     1,50 KB ( <1%) overhead. 
       Both:      4,73 MB capacity,     2,60 MB ( 55%) used,     2,13 MB ( 45%) free+waste,     4,12 KB ( <1%) overhead. 

Virtual space:
  Non-class space:        8,00 MB reserved,       4,50 MB ( 56%) committed 
      Class space:        1,00 GB reserved,     512,00 KB ( <1%) committed 
             Both:        1,01 GB reserved,       5,00 MB ( <1%) committed 

Chunk freelists:
   Non-Class:  39,00 KB
       Class:  6,00 KB
        Both:  45,00 KB

MaxMetaspaceSize: unlimited
CompressedClassSpaceSize: 1,00 GB

CodeHeap 'non-profiled nmethods': size=120036Kb used=96Kb max_used=96Kb free=119939Kb
 bounds [0x00007f712f947000, 0x00007f712fbb7000, 0x00007f7136e80000]
CodeHeap 'profiled nmethods': size=120032Kb used=473Kb max_used=473Kb free=119558Kb
 bounds [0x00007f712840f000, 0x00007f712867f000, 0x00007f712f947000]
CodeHeap 'non-nmethods': size=5692Kb used=1111Kb max_used=1125Kb free=4580Kb
 bounds [0x00007f7127e80000, 0x00007f71280f0000, 0x00007f712840f000]
 total_blobs=698 nmethods=346 adapters=274
 compilation: enabled
              stopped_count=0, restarted_count=0
 full_count=0

Compilation events (20 events):
Event: 0,558 Thread 0x00007f714017a000 nmethod 338 0x00007f7128480690 code [0x00007f71284808a0, 0x00007f7128480e50]
Event: 0,560 Thread 0x00007f714017a000  339       1       java.util.jar.Manifest::getEntries (5 bytes)
Event: 0,560 Thread 0x00007f714017a000 nmethod 339 0x00007f712f95de90 code [0x00007f712f95e040, 0x00007f712f95e110]
Event: 0,561 Thread 0x00007f714017a000  340       3       java.security.Provider$ServiceKey::hashCode (22 bytes)
Event: 0,561 Thread 0x00007f714017a000 nmethod 340 0x00007f7128481090 code [0x00007f7128481280, 0x00007f7128481820]
Event: 0,562 Thread 0x00007f714017a000  341       3       sun.security.x509.X509CertImpl::getEncodedInternal (22 bytes)
Event: 0,562 Thread 0x00007f714017a000 nmethod 341 0x00007f7128481990 code [0x00007f7128481b60, 0x00007f7128481d40]
Event: 0,563 Thread 0x00007f714017a000  342   !   3       java.security.cert.Certificate::equals (38 bytes)
Event: 0,563 Thread 0x00007f714017a000 nmethod 342 0x00007f7128481e10 code [0x00007f71284820a0, 0x00007f7128482ea0]
Event: 0,563 Thread 0x00007f714017a000  343       3       sun.security.x509.X509CertImpl::getEncodedInternal (20 bytes)
Event: 0,564 Thread 0x00007f714017a000 nmethod 343 0x00007f7128483390 code [0x00007f7128483580, 0x00007f7128483ad0]
Event: 0,567 Thread 0x00007f714017a000  344       3       java.lang.String::regionMatches (150 bytes)
Event: 0,567 Thread 0x00007f714017a000 nmethod 344 0x00007f7128483c90 code [0x00007f7128483f00, 0x00007f7128484920]
Event: 0,574 Thread 0x00007f7140177800 nmethod 316 0x00007f712f95e190 code [0x00007f712f95e340, 0x00007f712f95ecb8]
Event: 0,574 Thread 0x00007f7140177800  322       4       java.lang.CharacterDataLatin1::toUpperCaseEx (71 bytes)
Event: 0,575 Thread 0x00007f7140177800 nmethod 322 0x00007f712f95ef10 code [0x00007f712f95f0a0, 0x00007f712f95f198]
Event: 1,449 Thread 0x00007f714017a000  345       3       java.lang.StringUTF16::compress (50 bytes)
Event: 1,451 Thread 0x00007f714017a000 nmethod 345 0x00007f7128484c90 code [0x00007f7128484e60, 0x00007f7128485090]
Event: 28,470 Thread 0x00007f714017a000  346       3       org.eclipse.jdt.launching.internal.org.objectweb.asm.ClassReader::readUnsignedShort (26 bytes)
Event: 28,470 Thread 0x00007f714017a000 nmethod 346 0x00007f7128485210 code [0x00007f71284853c0, 0x00007f7128485530]

GC Heap History (0 events):
No events

Deoptimization events (20 events):
Event: 0,549 Thread 0x00007f7140016800 DEOPT PACKING pc=0x00007f712846fe1f sp=0x00007f71470783c0
Event: 0,549 Thread 0x00007f7140016800 DEOPT UNPACKING pc=0x00007f7127eb5fab sp=0x00007f71470778a8 mode 0
Event: 0,549 Thread 0x00007f7140016800 DEOPT PACKING pc=0x00007f712846fe1f sp=0x00007f71470783c0
Event: 0,549 Thread 0x00007f7140016800 DEOPT UNPACKING pc=0x00007f7127eb5fab sp=0x00007f71470778a8 mode 0
Event: 0,552 Thread 0x00007f7140016800 DEOPT PACKING pc=0x00007f712846fe1f sp=0x00007f71470795e0
Event: 0,552 Thread 0x00007f7140016800 DEOPT UNPACKING pc=0x00007f7127eb5fab sp=0x00007f7147078ac8 mode 0
Event: 0,552 Thread 0x00007f7140016800 DEOPT PACKING pc=0x00007f712846fe1f sp=0x00007f71470795e0
Event: 0,552 Thread 0x00007f7140016800 DEOPT UNPACKING pc=0x00007f7127eb5fab sp=0x00007f7147078ac8 mode 0
Event: 0,556 Thread 0x00007f7140016800 DEOPT PACKING pc=0x00007f712846fe1f sp=0x00007f7147079560
Event: 0,556 Thread 0x00007f7140016800 DEOPT UNPACKING pc=0x00007f7127eb5fab sp=0x00007f7147078a48 mode 0
Event: 0,556 Thread 0x00007f7140016800 DEOPT PACKING pc=0x00007f712846fe1f sp=0x00007f7147079560
Event: 0,556 Thread 0x00007f7140016800 DEOPT UNPACKING pc=0x00007f7127eb5fab sp=0x00007f7147078a48 mode 0
Event: 0,557 Thread 0x00007f7140016800 DEOPT PACKING pc=0x00007f712846fe1f sp=0x00007f7147079630
Event: 0,557 Thread 0x00007f7140016800 DEOPT UNPACKING pc=0x00007f7127eb5fab sp=0x00007f7147078b18 mode 0
Event: 0,561 Thread 0x00007f7140016800 DEOPT PACKING pc=0x00007f712846fe1f sp=0x00007f7147077fd0
Event: 0,561 Thread 0x00007f7140016800 DEOPT UNPACKING pc=0x00007f7127eb5fab sp=0x00007f71470774b8 mode 0
Event: 0,562 Thread 0x00007f7140016800 DEOPT PACKING pc=0x00007f712846fe1f sp=0x00007f7147077fd0
Event: 0,562 Thread 0x00007f7140016800 DEOPT UNPACKING pc=0x00007f7127eb5fab sp=0x00007f71470774b8 mode 0
Event: 0,565 Thread 0x00007f7140016800 DEOPT PACKING pc=0x00007f712846fe1f sp=0x00007f7147079230
Event: 0,565 Thread 0x00007f7140016800 DEOPT UNPACKING pc=0x00007f7127eb5fab sp=0x00007f7147078718 mode 0

Classes redefined (2 events):
Event: 1,450 Thread 0x00007f714016b000 redefined class name=ejerciciosUD3.Notas, count=1
Event: 28,473 Thread 0x00007f714016b000 redefined class name=ejerciciosUD3.Notas, count=2

Internal exceptions (0 events):
No events

Events (20 events):
Event: 1,454 Executing VM operation: ChangeBreakpoints done
Event: 1,456 Executing VM operation: GetFrameCount
Event: 1,456 Executing VM operation: GetFrameCount done
Event: 1,456 Executing VM operation: GetStackTrace
Event: 1,456 Executing VM operation: GetStackTrace done
Event: 1,511 Executing VM operation: GetFrameCount
Event: 1,511 Executing VM operation: GetFrameCount done
Event: 1,511 Executing VM operation: GetOwnedMonitorInfo
Event: 1,511 Executing VM operation: GetOwnedMonitorInfo done
Event: 1,511 Executing VM operation: GetCurrentContendedMonitor
Event: 1,511 Executing VM operation: GetCurrentContendedMonitor done
Event: 28,470 loading class org/eclipse/jdt/launching/internal/org/objectweb/asm/Opcodes
Event: 28,470 loading class org/eclipse/jdt/launching/internal/org/objectweb/asm/Opcodes done
Event: 28,472 Executing VM operation: RedefineClasses
Event: 28,473 Executing VM operation: RedefineClasses done
Event: 28,485 Executing VM operation: ChangeBreakpoints
Event: 28,485 Executing VM operation: ChangeBreakpoints done
Event: 28,496 Executing VM operation: GetFrameCount
Event: 28,496 Executing VM operation: GetFrameCount done
Event: 28,496 Executing VM operation: GetStackTrace


Dynamic libraries:
85400000-8d000000 rw-p 00000000 00:00 0 
8d000000-ffe00000 ---p 00000000 00:00 0 
ffe00000-ffe47000 rw-p 0110e000 08:01 13631643                           /usr/lib/jvm/java-11-openjdk-amd64/lib/server/classes.jsa
ffe47000-fff00000 rw-p 00000000 00:00 0 
fff00000-fff6a000 rw-p 010a4000 08:01 13631643                           /usr/lib/jvm/java-11-openjdk-amd64/lib/server/classes.jsa
fff6a000-100000000 rw-p 00000000 00:00 0 
800000000-800002000 rwxp 00001000 08:01 13631643                         /usr/lib/jvm/java-11-openjdk-amd64/lib/server/classes.jsa
800002000-8010a3000 rw-p 00003000 08:01 13631643                         /usr/lib/jvm/java-11-openjdk-amd64/lib/server/classes.jsa
840000000-840080000 rw-p 00000000 00:00 0 
840080000-880000000 ---p 00000000 00:00 0 
55fc63741000-55fc63742000 r-xp 00000000 08:01 13507671                   /usr/lib/jvm/java-11-openjdk-amd64/bin/java
55fc63942000-55fc63943000 r--p 00001000 08:01 13507671                   /usr/lib/jvm/java-11-openjdk-amd64/bin/java
55fc63943000-55fc63944000 rw-p 00002000 08:01 13507671                   /usr/lib/jvm/java-11-openjdk-amd64/bin/java
55fc6437f000-55fc643c2000 rw-p 00000000 00:00 0                          [heap]
7f70e4000000-7f70e4021000 rw-p 00000000 00:00 0 
7f70e4021000-7f70e8000000 ---p 00000000 00:00 0 
7f70e8000000-7f70e8021000 rw-p 00000000 00:00 0 
7f70e8021000-7f70ec000000 ---p 00000000 00:00 0 
7f70ec000000-7f70ec0b9000 rw-p 00000000 00:00 0 
7f70ec0b9000-7f70f0000000 ---p 00000000 00:00 0 
7f70f0000000-7f70f0021000 rw-p 00000000 00:00 0 
7f70f0021000-7f70f4000000 ---p 00000000 00:00 0 
7f70f4000000-7f70f4021000 rw-p 00000000 00:00 0 
7f70f4021000-7f70f8000000 ---p 00000000 00:00 0 
7f70f8000000-7f70f8280000 rw-p 00000000 00:00 0 
7f70f8280000-7f70fc000000 ---p 00000000 00:00 0 
7f70fc000000-7f70fc021000 rw-p 00000000 00:00 0 
7f70fc021000-7f7100000000 ---p 00000000 00:00 0 
7f7100000000-7f7100021000 rw-p 00000000 00:00 0 
7f7100021000-7f7104000000 ---p 00000000 00:00 0 
7f710662a000-7f710662b000 ---p 00000000 00:00 0 
7f710662b000-7f710672c000 rw-p 00000000 00:00 0 
7f710672c000-7f7106730000 ---p 00000000 00:00 0 
7f7106730000-7f710682d000 rw-p 00000000 00:00 0 
7f710682d000-7f7106843000 r-xp 00000000 08:01 13511658                   /usr/lib/jvm/java-11-openjdk-amd64/lib/libnet.so
7f7106843000-7f7106a42000 ---p 00016000 08:01 13511658                   /usr/lib/jvm/java-11-openjdk-amd64/lib/libnet.so
7f7106a42000-7f7106a43000 r--p 00015000 08:01 13511658                   /usr/lib/jvm/java-11-openjdk-amd64/lib/libnet.so
7f7106a43000-7f7106a44000 rw-p 00016000 08:01 13511658                   /usr/lib/jvm/java-11-openjdk-amd64/lib/libnet.so
7f7106a44000-7f7106a54000 r-xp 00000000 08:01 13511659                   /usr/lib/jvm/java-11-openjdk-amd64/lib/libnio.so
7f7106a54000-7f7106c53000 ---p 00010000 08:01 13511659                   /usr/lib/jvm/java-11-openjdk-amd64/lib/libnio.so
7f7106c53000-7f7106c54000 r--p 0000f000 08:01 13511659                   /usr/lib/jvm/java-11-openjdk-amd64/lib/libnio.so
7f7106c54000-7f7106c55000 rw-p 00010000 08:01 13511659                   /usr/lib/jvm/java-11-openjdk-amd64/lib/libnio.so
7f7106c55000-7f7106c59000 ---p 00000000 00:00 0 
7f7106c59000-7f7106d56000 rw-p 00000000 00:00 0 
7f7106d56000-7f7106d5a000 ---p 00000000 00:00 0 
7f7106d5a000-7f7106e57000 rw-p 00000000 00:00 0 
7f7106e57000-7f7106e5b000 ---p 00000000 00:00 0 
7f7106e5b000-7f7106f58000 rw-p 00000000 00:00 0 
7f7106f58000-7f7106f63000 r-xp 00000000 08:01 15209583                   /lib/x86_64-linux-gnu/libnss_files-2.27.so
7f7106f63000-7f7107162000 ---p 0000b000 08:01 15209583                   /lib/x86_64-linux-gnu/libnss_files-2.27.so
7f7107162000-7f7107163000 r--p 0000a000 08:01 15209583                   /lib/x86_64-linux-gnu/libnss_files-2.27.so
7f7107163000-7f7107164000 rw-p 0000b000 08:01 15209583                   /lib/x86_64-linux-gnu/libnss_files-2.27.so
7f7107164000-7f710716a000 rw-p 00000000 00:00 0 
7f710716a000-7f710716e000 r-xp 00000000 08:01 13511638                   /usr/lib/jvm/java-11-openjdk-amd64/lib/libdt_socket.so
7f710716e000-7f710736e000 ---p 00004000 08:01 13511638                   /usr/lib/jvm/java-11-openjdk-amd64/lib/libdt_socket.so
7f710736e000-7f710736f000 r--p 00004000 08:01 13511638                   /usr/lib/jvm/java-11-openjdk-amd64/lib/libdt_socket.so
7f710736f000-7f7107370000 rw-p 00005000 08:01 13511638                   /usr/lib/jvm/java-11-openjdk-amd64/lib/libdt_socket.so
7f7107370000-7f7107374000 ---p 00000000 00:00 0 
7f7107374000-7f7107471000 rw-p 00000000 00:00 0 
7f7107471000-7f7107475000 ---p 00000000 00:00 0 
7f7107475000-7f7107572000 rw-p 00000000 00:00 0 
7f7107572000-7f7107576000 ---p 00000000 00:00 0 
7f7107576000-7f7107673000 rw-p 00000000 00:00 0 
7f7107673000-7f7107677000 ---p 00000000 00:00 0 
7f7107677000-7f7107774000 rw-p 00000000 00:00 0 
7f7107774000-7f7107778000 ---p 00000000 00:00 0 
7f7107778000-7f7107875000 rw-p 00000000 00:00 0 
7f7107875000-7f7107eff000 r--p 00000000 08:01 13507806                   /usr/lib/locale/locale-archive
7f7107eff000-7f7107f03000 ---p 00000000 00:00 0 
7f7107f03000-7f7108000000 rw-p 00000000 00:00 0 
7f7108000000-7f7108021000 rw-p 00000000 00:00 0 
7f7108021000-7f710c000000 ---p 00000000 00:00 0 
7f710c000000-7f710c021000 rw-p 00000000 00:00 0 
7f710c021000-7f7110000000 ---p 00000000 00:00 0 
7f7110000000-7f7110021000 rw-p 00000000 00:00 0 
7f7110021000-7f7114000000 ---p 00000000 00:00 0 
7f7114000000-7f7114021000 rw-p 00000000 00:00 0 
7f7114021000-7f7118000000 ---p 00000000 00:00 0 
7f7118000000-7f7118021000 rw-p 00000000 00:00 0 
7f7118021000-7f711c000000 ---p 00000000 00:00 0 
7f711c04f000-7f711c053000 ---p 00000000 00:00 0 
7f711c053000-7f711e340000 rw-p 00000000 00:00 0 
7f711e340000-7f711fff8000 ---p 00000000 00:00 0 
7f711fff8000-7f7120000000 rw-p 00000000 00:00 0 
7f7120000000-7f7120021000 rw-p 00000000 00:00 0 
7f7120021000-7f7124000000 ---p 00000000 00:00 0 
7f7124068000-7f7124069000 ---p 00000000 00:00 0 
7f7124069000-7f71245ea000 rw-p 00000000 00:00 0 
7f71245ea000-7f712496a000 ---p 00000000 00:00 0 
7f712496a000-7f712496b000 ---p 00000000 00:00 0 
7f712496b000-7f7124a6c000 rw-p 00000000 00:00 0 
7f7124a6c000-7f7124a6d000 ---p 00000000 00:00 0 
7f7124a6d000-7f7124d70000 rw-p 00000000 00:00 0 
7f7124d70000-7f7124d71000 ---p 00000000 00:00 0 
7f7124d71000-7f7124e72000 rw-p 00000000 00:00 0 
7f7124e72000-7f7124e73000 ---p 00000000 00:00 0 
7f7124e73000-7f7125164000 rw-p 00000000 00:00 0 
7f7125164000-7f7126e1c000 ---p 00000000 00:00 0 
7f7126e1c000-7f7126e62000 rw-p 00000000 00:00 0 
7f7126e62000-7f71271f9000 ---p 00000000 00:00 0 
7f71271f9000-7f7127238000 rw-p 00000000 00:00 0 
7f7127238000-7f71275cf000 ---p 00000000 00:00 0 
7f71275cf000-7f712760e000 rw-p 00000000 00:00 0 
7f712760e000-7f71279a5000 ---p 00000000 00:00 0 
7f71279a5000-7f7127ba8000 rw-p 00000000 00:00 0 
7f7127ba8000-7f7127ba9000 ---p 00000000 00:00 0 
7f7127ba9000-7f7127caf000 rw-p 00000000 00:00 0 
7f7127caf000-7f7127d95000 ---p 00000000 00:00 0 
7f7127d95000-7f7127d9a000 rw-p 00000000 00:00 0 
7f7127d9a000-7f7127e80000 ---p 00000000 00:00 0 
7f7127e80000-7f71280f0000 rwxp 00000000 00:00 0 
7f71280f0000-7f712840f000 ---p 00000000 00:00 0 
7f712840f000-7f712867f000 rwxp 00000000 00:00 0 
7f712867f000-7f712f947000 ---p 00000000 00:00 0 
7f712f947000-7f712fbb7000 rwxp 00000000 00:00 0 
7f712fbb7000-7f7136e80000 ---p 00000000 00:00 0 
7f7136e80000-7f7136e87000 r-xp 00000000 08:01 13511667                   /usr/lib/jvm/java-11-openjdk-amd64/lib/libzip.so
7f7136e87000-7f7137086000 ---p 00007000 08:01 13511667                   /usr/lib/jvm/java-11-openjdk-amd64/lib/libzip.so
7f7137086000-7f7137087000 r--p 00006000 08:01 13511667                   /usr/lib/jvm/java-11-openjdk-amd64/lib/libzip.so
7f7137087000-7f7137088000 rw-p 00007000 08:01 13511667                   /usr/lib/jvm/java-11-openjdk-amd64/lib/libzip.so
7f7137088000-7f7137092000 r-xp 00000000 08:01 13511641                   /usr/lib/jvm/java-11-openjdk-amd64/lib/libinstrument.so
7f7137092000-7f7137291000 ---p 0000a000 08:01 13511641                   /usr/lib/jvm/java-11-openjdk-amd64/lib/libinstrument.so
7f7137291000-7f7137292000 r--p 00009000 08:01 13511641                   /usr/lib/jvm/java-11-openjdk-amd64/lib/libinstrument.so
7f7137292000-7f7137293000 rw-p 0000a000 08:01 13511641                   /usr/lib/jvm/java-11-openjdk-amd64/lib/libinstrument.so
7f7137293000-7f71372cf000 r-xp 00000000 08:01 13511649                   /usr/lib/jvm/java-11-openjdk-amd64/lib/libjdwp.so
7f71372cf000-7f71374ce000 ---p 0003c000 08:01 13511649                   /usr/lib/jvm/java-11-openjdk-amd64/lib/libjdwp.so
7f71374ce000-7f71374cf000 r--p 0003b000 08:01 13511649                   /usr/lib/jvm/java-11-openjdk-amd64/lib/libjdwp.so
7f71374cf000-7f71374d0000 rw-p 0003c000 08:01 13511649                   /usr/lib/jvm/java-11-openjdk-amd64/lib/libjdwp.so
7f71374d0000-7f713fbce000 r--s 00000000 08:01 13511668                   /usr/lib/jvm/java-11-openjdk-amd64/lib/modules
7f713fbce000-7f713fbd3000 r-xp 00000000 08:01 13511650                   /usr/lib/jvm/java-11-openjdk-amd64/lib/libjimage.so
7f713fbd3000-7f713fdd2000 ---p 00005000 08:01 13511650                   /usr/lib/jvm/java-11-openjdk-amd64/lib/libjimage.so
7f713fdd2000-7f713fdd3000 r--p 00004000 08:01 13511650                   /usr/lib/jvm/java-11-openjdk-amd64/lib/libjimage.so
7f713fdd3000-7f713fdd4000 rw-p 00005000 08:01 13511650                   /usr/lib/jvm/java-11-openjdk-amd64/lib/libjimage.so
7f713fdd4000-7f713fdfd000 r-xp 00000000 08:01 13511646                   /usr/lib/jvm/java-11-openjdk-amd64/lib/libjava.so
7f713fdfd000-7f713fffd000 ---p 00029000 08:01 13511646                   /usr/lib/jvm/java-11-openjdk-amd64/lib/libjava.so
7f713fffd000-7f713fffe000 r--p 00029000 08:01 13511646                   /usr/lib/jvm/java-11-openjdk-amd64/lib/libjava.so
7f713fffe000-7f713ffff000 rw-p 0002a000 08:01 13511646                   /usr/lib/jvm/java-11-openjdk-amd64/lib/libjava.so
7f713ffff000-7f7140000000 rw-p 00000000 00:00 0 
7f7140000000-7f714031a000 rw-p 00000000 00:00 0 
7f714031a000-7f7144000000 ---p 00000000 00:00 0 
7f7144006000-7f714403b000 r--s 00000000 08:01 18618322                   /var/cache/nscd/hosts
7f714403b000-7f71440bc000 rw-p 00000000 00:00 0 
7f71440bc000-7f71440c9000 r-xp 00000000 08:01 13511666                   /usr/lib/jvm/java-11-openjdk-amd64/lib/libverify.so
7f71440c9000-7f71442c8000 ---p 0000d000 08:01 13511666                   /usr/lib/jvm/java-11-openjdk-amd64/lib/libverify.so
7f71442c8000-7f71442ca000 r--p 0000c000 08:01 13511666                   /usr/lib/jvm/java-11-openjdk-amd64/lib/libverify.so
7f71442ca000-7f71442cb000 rw-p 0000e000 08:01 13511666                   /usr/lib/jvm/java-11-openjdk-amd64/lib/libverify.so
7f71442cb000-7f71442d2000 r-xp 00000000 08:01 15209635                   /lib/x86_64-linux-gnu/librt-2.27.so
7f71442d2000-7f71444d1000 ---p 00007000 08:01 15209635                   /lib/x86_64-linux-gnu/librt-2.27.so
7f71444d1000-7f71444d2000 r--p 00006000 08:01 15209635                   /lib/x86_64-linux-gnu/librt-2.27.so
7f71444d2000-7f71444d3000 rw-p 00007000 08:01 15209635                   /lib/x86_64-linux-gnu/librt-2.27.so
7f71444d3000-7f71444ea000 r-xp 00000000 08:01 15209528                   /lib/x86_64-linux-gnu/libgcc_s.so.1
7f71444ea000-7f71446e9000 ---p 00017000 08:01 15209528                   /lib/x86_64-linux-gnu/libgcc_s.so.1
7f71446e9000-7f71446ea000 r--p 00016000 08:01 15209528                   /lib/x86_64-linux-gnu/libgcc_s.so.1
7f71446ea000-7f71446eb000 rw-p 00017000 08:01 15209528                   /lib/x86_64-linux-gnu/libgcc_s.so.1
7f71446eb000-7f7144888000 r-xp 00000000 08:01 15209554                   /lib/x86_64-linux-gnu/libm-2.27.so
7f7144888000-7f7144a87000 ---p 0019d000 08:01 15209554                   /lib/x86_64-linux-gnu/libm-2.27.so
7f7144a87000-7f7144a88000 r--p 0019c000 08:01 15209554                   /lib/x86_64-linux-gnu/libm-2.27.so
7f7144a88000-7f7144a89000 rw-p 0019d000 08:01 15209554                   /lib/x86_64-linux-gnu/libm-2.27.so
7f7144a89000-7f7144c02000 r-xp 00000000 08:01 13510683                   /usr/lib/x86_64-linux-gnu/libstdc++.so.6.0.25
7f7144c02000-7f7144e02000 ---p 00179000 08:01 13510683                   /usr/lib/x86_64-linux-gnu/libstdc++.so.6.0.25
7f7144e02000-7f7144e0c000 r--p 00179000 08:01 13510683                   /usr/lib/x86_64-linux-gnu/libstdc++.so.6.0.25
7f7144e0c000-7f7144e0e000 rw-p 00183000 08:01 13510683                   /usr/lib/x86_64-linux-gnu/libstdc++.so.6.0.25
7f7144e0e000-7f7144e12000 rw-p 00000000 00:00 0 
7f7144e12000-7f7145ef0000 r-xp 00000000 08:01 13638241                   /usr/lib/jvm/java-11-openjdk-amd64/lib/server/libjvm.so
7f7145ef0000-7f71460ef000 ---p 010de000 08:01 13638241                   /usr/lib/jvm/java-11-openjdk-amd64/lib/server/libjvm.so
7f71460ef000-7f71461ac000 r--p 010dd000 08:01 13638241                   /usr/lib/jvm/java-11-openjdk-amd64/lib/server/libjvm.so
7f71461ac000-7f71461e5000 rw-p 0119a000 08:01 13638241                   /usr/lib/jvm/java-11-openjdk-amd64/lib/server/libjvm.so
7f71461e5000-7f714623c000 rw-p 00000000 00:00 0 
7f714623c000-7f7146256000 r-xp 00000000 08:01 15209627                   /lib/x86_64-linux-gnu/libpthread-2.27.so
7f7146256000-7f7146455000 ---p 0001a000 08:01 15209627                   /lib/x86_64-linux-gnu/libpthread-2.27.so
7f7146455000-7f7146456000 r--p 00019000 08:01 15209627                   /lib/x86_64-linux-gnu/libpthread-2.27.so
7f7146456000-7f7146457000 rw-p 0001a000 08:01 15209627                   /lib/x86_64-linux-gnu/libpthread-2.27.so
7f7146457000-7f714645b000 rw-p 00000000 00:00 0 
7f714645b000-7f714645e000 r-xp 00000000 08:01 15209514                   /lib/x86_64-linux-gnu/libdl-2.27.so
7f714645e000-7f714665d000 ---p 00003000 08:01 15209514                   /lib/x86_64-linux-gnu/libdl-2.27.so
7f714665d000-7f714665e000 r--p 00002000 08:01 15209514                   /lib/x86_64-linux-gnu/libdl-2.27.so
7f714665e000-7f714665f000 rw-p 00003000 08:01 15209514                   /lib/x86_64-linux-gnu/libdl-2.27.so
7f714665f000-7f714667b000 r-xp 00000000 08:01 15209669                   /lib/x86_64-linux-gnu/libz.so.1.2.11
7f714667b000-7f714687a000 ---p 0001c000 08:01 15209669                   /lib/x86_64-linux-gnu/libz.so.1.2.11
7f714687a000-7f714687b000 r--p 0001b000 08:01 15209669                   /lib/x86_64-linux-gnu/libz.so.1.2.11
7f714687b000-7f714687c000 rw-p 0001c000 08:01 15209669                   /lib/x86_64-linux-gnu/libz.so.1.2.11
7f714687c000-7f7146a63000 r-xp 00000000 08:01 15209491                   /lib/x86_64-linux-gnu/libc-2.27.so
7f7146a63000-7f7146c63000 ---p 001e7000 08:01 15209491                   /lib/x86_64-linux-gnu/libc-2.27.so
7f7146c63000-7f7146c67000 r--p 001e7000 08:01 15209491                   /lib/x86_64-linux-gnu/libc-2.27.so
7f7146c67000-7f7146c69000 rw-p 001eb000 08:01 15209491                   /lib/x86_64-linux-gnu/libc-2.27.so
7f7146c69000-7f7146c6d000 rw-p 00000000 00:00 0 
7f7146c6d000-7f7146c7d000 r-xp 00000000 08:01 13638238                   /usr/lib/jvm/java-11-openjdk-amd64/lib/jli/libjli.so
7f7146c7d000-7f7146e7c000 ---p 00010000 08:01 13638238                   /usr/lib/jvm/java-11-openjdk-amd64/lib/jli/libjli.so
7f7146e7c000-7f7146e7d000 r--p 0000f000 08:01 13638238                   /usr/lib/jvm/java-11-openjdk-amd64/lib/jli/libjli.so
7f7146e7d000-7f7146e7e000 rw-p 00010000 08:01 13638238                   /usr/lib/jvm/java-11-openjdk-amd64/lib/jli/libjli.so
7f7146e7e000-7f7146ea5000 r-xp 00000000 08:01 15209463                   /lib/x86_64-linux-gnu/ld-2.27.so
7f7146eab000-7f7146f48000 rw-p 00000000 00:00 0 
7f7146f48000-7f7146f7d000 r--s 00000000 08:01 18618318                   /var/cache/nscd/passwd
7f7146f7d000-7f7146f81000 ---p 00000000 00:00 0 
7f7146f81000-7f7147080000 rw-p 00000000 00:00 0 
7f7147084000-7f714708b000 r--s 00000000 08:01 14157180                   /usr/lib/x86_64-linux-gnu/gconv/gconv-modules.cache
7f714708b000-7f7147090000 rw-p 00000000 00:00 0 
7f7147090000-7f7147097000 ---p 00000000 00:00 0 
7f7147097000-7f7147099000 r--s 00007000 08:01 14421147                   /usr/share/java/java-atk-wrapper.jar
7f7147099000-7f71470a1000 rw-s 00000000 08:01 917576                     /tmp/hsperfdata_julcue/22864
7f71470a1000-7f71470a2000 ---p 00000000 00:00 0 
7f71470a2000-7f71470a3000 r--p 00000000 00:00 0 
7f71470a3000-7f71470a5000 rw-p 00000000 00:00 0 
7f71470a5000-7f71470a6000 r--p 00027000 08:01 15209463                   /lib/x86_64-linux-gnu/ld-2.27.so
7f71470a6000-7f71470a7000 rw-p 00028000 08:01 15209463                   /lib/x86_64-linux-gnu/ld-2.27.so
7f71470a7000-7f71470a8000 rw-p 00000000 00:00 0 
7ffeebf97000-7ffeebfb8000 rw-p 00000000 00:00 0                          [stack]
7ffeebfea000-7ffeebfed000 r--p 00000000 00:00 0                          [vvar]
7ffeebfed000-7ffeebfee000 r-xp 00000000 00:00 0                          [vdso]
ffffffffff600000-ffffffffff601000 --xp 00000000 00:00 0                  [vsyscall]


VM Arguments:
jvm_args: -agentlib:jdwp=transport=dt_socket,suspend=y,address=localhost:41447 -javaagent:/home/julcue/.eclipse/360744286_linux_gtk_x86_64/configuration/org.eclipse.osgi/222/0/.cp/lib/javaagent-shaded.jar -Dfile.encoding=UTF-8 
java_command: ejerciciosUD3.Notas
java_class_path (initial): /home/julcue/Documentos/Java/UD3/bin
Launcher Type: SUN_STANDARD

[Global flags]
     intx CICompilerCount                          = 2                                         {product} {ergonomic}
     uint ConcGCThreads                            = 1                                         {product} {ergonomic}
     uint G1ConcRefinementThreads                  = 2                                         {product} {ergonomic}
   size_t G1HeapRegionSize                         = 1048576                                   {product} {ergonomic}
    uintx GCDrainStackTargetSize                   = 64                                        {product} {ergonomic}
   size_t InitialHeapSize                          = 130023424                                 {product} {ergonomic}
   size_t MarkStackSize                            = 4194304                                   {product} {ergonomic}
   size_t MaxHeapSize                              = 2059403264                                {product} {ergonomic}
   size_t MaxNewSize                               = 1235222528                                {product} {ergonomic}
   size_t MinHeapDeltaBytes                        = 1048576                                   {product} {ergonomic}
    uintx NonNMethodCodeHeapSize                   = 5825164                                {pd product} {ergonomic}
    uintx NonProfiledCodeHeapSize                  = 122916538                              {pd product} {ergonomic}
    uintx ProfiledCodeHeapSize                     = 122916538                              {pd product} {ergonomic}
    uintx ReservedCodeCacheSize                    = 251658240                              {pd product} {ergonomic}
     bool SegmentedCodeCache                       = true                                      {product} {ergonomic}
     bool UseCompressedClassPointers               = true                                 {lp64_product} {ergonomic}
     bool UseCompressedOops                        = true                                 {lp64_product} {ergonomic}
     bool UseG1GC                                  = true                                      {product} {ergonomic}

Logging:
Log output configuration:
 #0: stdout all=warning uptime,level,tags
 #1: stderr all=off uptime,level,tags

Environment Variables:
PATH=/usr/local/sbin:/usr/local/bin:/usr/sbin:/usr/bin:/sbin:/bin:/usr/games:/usr/local/games:/snap/bin
USERNAME=julcue
SHELL=/bin/bash
DISPLAY=:0
LANG=es_ES.UTF-8

Signal Handlers:
SIGSEGV: [libjvm.so+0xdf9610], sa_mask[0]=11111111011111111101111111111110, sa_flags=SA_RESTART|SA_SIGINFO
SIGBUS: [libjvm.so+0xdf9610], sa_mask[0]=11111111011111111101111111111110, sa_flags=SA_RESTART|SA_SIGINFO
SIGFPE: [libjvm.so+0xdf9610], sa_mask[0]=11111111011111111101111111111110, sa_flags=SA_RESTART|SA_SIGINFO
SIGPIPE: [libjvm.so+0xbcc360], sa_mask[0]=11111111011111111101111111111110, sa_flags=SA_RESTART|SA_SIGINFO
SIGXFSZ: [libjvm.so+0xbcc360], sa_mask[0]=11111111011111111101111111111110, sa_flags=SA_RESTART|SA_SIGINFO
SIGILL: [libjvm.so+0xdf9610], sa_mask[0]=11111111011111111101111111111110, sa_flags=SA_RESTART|SA_SIGINFO
SIGUSR2: [libjvm.so+0xbcc200], sa_mask[0]=00100000000000000000000000000000, sa_flags=SA_RESTART|SA_SIGINFO
SIGHUP: [libjvm.so+0xbcc560], sa_mask[0]=11111111011111111101111111111110, sa_flags=SA_RESTART|SA_SIGINFO
SIGINT: [libjvm.so+0xbcc560], sa_mask[0]=11111111011111111101111111111110, sa_flags=SA_RESTART|SA_SIGINFO
SIGTERM: [libjvm.so+0xbcc560], sa_mask[0]=11111111011111111101111111111110, sa_flags=SA_RESTART|SA_SIGINFO
SIGQUIT: [libjvm.so+0xbcc560], sa_mask[0]=11111111011111111101111111111110, sa_flags=SA_RESTART|SA_SIGINFO


---------------  S Y S T E M  ---------------

OS:DISTRIB_ID=neon
DISTRIB_RELEASE=18.04
DISTRIB_CODENAME=bionic
DISTRIB_DESCRIPTION="KDE neon User Edition 5.19"
uname:Linux 5.4.0-40-generic #44~18.04.1-Ubuntu SMP Wed Jun 24 23:13:08 UTC 2020 x86_64
OS uptime: 1 days 0:04 hours
libc:glibc 2.27 NPTL 2.27 
rlimit (soft/hard): STACK 8192k/infinity , CORE 0k/infinity , NPROC 31115/31115 , NOFILE 1048576/1048576 , AS infinity/infinity , CPU infinity/infinity , DATA infinity/infinity , FSIZE infinity/infinity , MEMLOCK 16384k/16384k
load average:1,03 1,02 0,89

/proc/meminfo:
MemTotal:        8038268 kB
MemFree:         1974192 kB
MemAvailable:    4535468 kB
Buffers:          395312 kB
Cached:          3183920 kB
SwapCached:            0 kB
Active:          3610632 kB
Inactive:        1223020 kB
Active(anon):    2082020 kB
Inactive(anon):   150116 kB
Active(file):    1528612 kB
Inactive(file):  1072904 kB
Unevictable:      803700 kB
Mlocked:              52 kB
SwapTotal:       4985852 kB
SwapFree:        4985852 kB
Dirty:               100 kB
Writeback:             0 kB
AnonPages:       2058228 kB
Mapped:           650240 kB
Shmem:            977720 kB
KReclaimable:     265012 kB
Slab:             323104 kB
SReclaimable:     265012 kB
SUnreclaim:        58092 kB
KernelStack:       14580 kB
PageTables:        46928 kB
NFS_Unstable:          0 kB
Bounce:                0 kB
WritebackTmp:          0 kB
CommitLimit:     9004984 kB
Committed_AS:    8008232 kB
VmallocTotal:   34359738367 kB
VmallocUsed:       27128 kB
VmallocChunk:          0 kB
Percpu:              672 kB
HardwareCorrupted:     0 kB
AnonHugePages:         0 kB
ShmemHugePages:        0 kB
ShmemPmdMapped:        0 kB
FileHugePages:         0 kB
FilePmdMapped:         0 kB
CmaTotal:              0 kB
CmaFree:               0 kB
HugePages_Total:       0
HugePages_Free:        0
HugePages_Rsvd:        0
HugePages_Surp:        0
Hugepagesize:       2048 kB
Hugetlb:               0 kB
DirectMap4k:      284264 kB
DirectMap2M:     6940672 kB
DirectMap1G:     1048576 kB

/sys/kernel/mm/transparent_hugepage/enabled:
always [madvise] never

/sys/kernel/mm/transparent_hugepage/defrag (defrag/compaction efforts parameter):
always defer defer+madvise [madvise] never


/proc/sys/kernel/threads-max (system-wide limit on the number of threads):
62231


/proc/sys/vm/max_map_count (maximum number of memory map areas a process may have):
65530


/proc/sys/kernel/pid_max (system-wide limit on number of process identifiers):
32768



container (cgroup) information:
container_type: cgroupv1
cpu_cpuset_cpus: 0-1
cpu_memory_nodes: 0
active_processor_count: 2
cpu_quota: -1
cpu_period: 100000
cpu_shares: -1
memory_limit_in_bytes: -1
memory_and_swap_limit_in_bytes: -2
memory_soft_limit_in_bytes: -1
memory_usage_in_bytes: 5772836864
memory_max_usage_in_bytes: 0

Steal ticks since vm start: 0
Steal ticks percentage since vm start:  0,000

CPU:total 2 (initial active 2) (2 cores per cpu, 1 threads per core) family 6 model 94 stepping 3, cmov, cx8, fxsr, mmx, sse, sse2, sse3, ssse3, sse4.1, sse4.2, popcnt, aes, clmul, erms, 3dnowpref, lzcnt, tsc, tscinvbit
CPU Model and flags from /proc/cpuinfo:
model name	: Intel(R) Pentium(R) CPU G4400 @ 3.30GHz
flags		: fpu vme de pse tsc msr pae mce cx8 apic sep mtrr pge mca cmov pat pse36 clflush dts acpi mmx fxsr sse sse2 ss ht tm pbe syscall nx pdpe1gb rdtscp lm constant_tsc art arch_perfmon pebs bts rep_good nopl xtopology nonstop_tsc cpuid aperfmperf pni pclmulqdq dtes64 monitor ds_cpl vmx est tm2 ssse3 sdbg cx16 xtpr pdcm pcid sse4_1 sse4_2 x2apic movbe popcnt tsc_deadline_timer aes xsave rdrand lahf_lm abm 3dnowprefetch cpuid_fault invpcid_single pti ssbd ibrs ibpb stibp tpr_shadow vnmi flexpriority ept vpid ept_ad fsgsbase tsc_adjust erms invpcid rdseed smap clflushopt intel_pt xsaveopt xsavec xgetbv1 xsaves dtherm arat pln pts hwp hwp_notify hwp_act_window hwp_epp md_clear flush_l1d

Memory: 4k page, physical 8038268k(1974192k free), swap 4985852k(4985852k free)

vm_info: OpenJDK 64-Bit Server VM (11.0.8+10-post-Ubuntu-0ubuntu118.04.1) for linux-amd64 JRE (11.0.8+10-post-Ubuntu-0ubuntu118.04.1), built on Jul 15 2020 20:45:24 by "unknown" with gcc 7.5.0

END.
